<?xml version="1.0" encoding="UTF-8"?>
<testsuites name="VerificationTestSuite" time="79" tests="2" failures="2" errors="0">
   <testsuite name="VerificationTestSuite" tests="2" failures="2" errors="0" time="79" timestamp="2017-12-09 12:17:29" hostname="Rahul - Rahul-Dell-PC" id="Test Suites/VerificationTestSuite">
      <properties>
         <property name="deviceName" value=""/>
         <property name="devicePlatform" value=""/>
         <property name="logFolder" value="C:\\Users\\Rahul\\Desktop\\Katalon 5\\SeleniumAutomation\\Reports\\VerificationTestSuite\\20171209_121722"/>
         <property name="logFiles" value="C:\\Users\\Rahul\\Desktop\\Katalon 5\\SeleniumAutomation\\Reports\\VerificationTestSuite\\20171209_121722\\execution0.log"/>
         <property name="attachments" value="C:\\Users\\Rahul\\Desktop\\Katalon 5\\SeleniumAutomation\\Reports\\VerificationTestSuite\\20171209_121722\\1512802077816.png, C:\\Users\\Rahul\\Desktop\\Katalon 5\\SeleniumAutomation\\Reports\\VerificationTestSuite\\20171209_121722\\1512802078104.png, C:\\Users\\Rahul\\Desktop\\Katalon 5\\SeleniumAutomation\\Reports\\VerificationTestSuite\\20171209_121722\\1512802127198.png, C:\\Users\\Rahul\\Desktop\\Katalon 5\\SeleniumAutomation\\Reports\\VerificationTestSuite\\20171209_121722\\1512802127423.png"/>
         <property name="hostName" value="Rahul - Rahul-Dell-PC"/>
         <property name="os" value="Windows 10 64bit"/>
         <property name="katalonVersion" value="5.2.0.1"/>
         <property name="browser" value="Chrome 63.0.3239.84"/>
         <property name="hostAddress" value="192.168.1.5"/>
         <property name="sessionId" value="e0726ec878b8eea0abeccd9b0c2c45ed"/>
         <property name="seleniumVersion" value="3.7.1"/>
         <property name="proxyInformation" value="ProxyInformation{proxyOption=NO_PROXY, proxyServerType=HTTP, password=, proxyServerAddress=, proxyServerPort=0}"/>
         <property name="platform" value="Windows 10"/>
      </properties>
      <testcase name="Test Cases/Verification/TC-VerifyElementText" classname="Test Cases/Verification/TC-VerifyElementText" status="FAILED">
         <failure type="FAILED" message="Unable to verify text 'Bug abc' is present  (Root cause: Text 'Bug abc' is not present on page )"/>
         <system-out><![CDATA[2017-12-09 12:17:30 - [TEST_CASE][FAILED] - Test Cases/Verification/TC-VerifyElementText: Test Cases/Verification/TC-VerifyElementText FAILED because (of) Unable to verify text 'Bug abc' is present  (Root cause: Text 'Bug abc' is not present on page )

2017-12-09 12:17:30 - [TEST_STEP][PASSED] - Initialize: Method 'Initialize' complete successfully

2017-12-09 12:17:32 - [TEST_STEP][PASSED] - com.helper.login.LoginHelper.loginIntoApplicationWith: com.helper.login.LoginHelper.loginIntoApplicationWith is PASSED

2017-12-09 12:17:40 - [MESSAGE][PASSED] - Browser is opened with url: 'http://192.168.1.108:5001/'

2017-12-09 12:17:40 - [MESSAGE][PASSED] - Wait for page load successfully

2017-12-09 12:17:42 - [MESSAGE][PASSED] - Current window maximized

2017-12-09 12:17:42 - [MESSAGE][PASSED] - Object 'Object Repository/Bugzilla/HomePage/FlieBugLink' is visible

2017-12-09 12:17:43 - [MESSAGE][PASSED] - Object: 'Object Repository/Bugzilla/HomePage/FlieBugLink' is clicked on

2017-12-09 12:17:43 - [MESSAGE][PASSED] - Object 'Object Repository/Bugzilla/LoginPage/LoginBtn' is visible

2017-12-09 12:17:43 - [MESSAGE][PASSED] - Keys 'rahul@bugzila.com' sent to object: 'Object Repository/Bugzilla/LoginPage/UsernameTxtBox'

2017-12-09 12:17:43 - [MESSAGE][PASSED] - Keys 'welcome' sent to object: 'Object Repository/Bugzilla/LoginPage/PasswordTxtBox'

2017-12-09 12:17:45 - [MESSAGE][PASSED] - Object: 'Object Repository/Bugzilla/LoginPage/LoginBtn' is clicked on

2017-12-09 12:17:47 - [MESSAGE][PASSED] - Delayed 1 second(s)

2017-12-09 12:17:47 - [MESSAGE][PASSED] - com.helper.login.LoginHelper.loginIntoApplicationWith is PASSED

2017-12-09 12:17:47 - [MESSAGE][PASSED] - Method 'Initialize' complete successfully

2017-12-09 12:17:47 - [TEST_STEP][NOT_RUN] - com.helper.login.LoginHelper.loginIntoApplicationWith: NOT_RUN: com.helper.login.LoginHelper.loginIntoApplicationWith

2017-12-09 12:17:47 - [MESSAGE][NOT_RUN] - NOT_RUN: com.helper.login.LoginHelper.loginIntoApplicationWith

2017-12-09 12:17:47 - [TEST_STEP][PASSED] - waitForElementVisible: Object 'Object Repository/Bugzilla/EnterBug/TestngProductLink' is visible

2017-12-09 12:17:47 - [MESSAGE][PASSED] - Object 'Object Repository/Bugzilla/EnterBug/TestngProductLink' is visible

2017-12-09 12:17:47 - [TEST_STEP][PASSED] - verifyElementText: Actual text and expected text of test object 'Object Repository/Bugzilla/EnterBug/TestngProductLink' are matched.

2017-12-09 12:17:47 - [MESSAGE][PASSED] - Actual text and expected text of test object 'Object Repository/Bugzilla/EnterBug/TestngProductLink' are matched.

2017-12-09 12:17:47 - [TEST_STEP][PASSED] - click: Object: 'Object Repository/Bugzilla/EnterBug/TestngProductLink' is clicked on

2017-12-09 12:17:50 - [MESSAGE][PASSED] - Object: 'Object Repository/Bugzilla/EnterBug/TestngProductLink' is clicked on

2017-12-09 12:17:50 - [TEST_STEP][PASSED] - waitForElementVisible: Object 'Object Repository/Bugzilla/EnterBugDetailScreen/Component' is visible

2017-12-09 12:17:51 - [MESSAGE][PASSED] - Object 'Object Repository/Bugzilla/EnterBugDetailScreen/Component' is visible

2017-12-09 12:17:51 - [TEST_STEP][PASSED] - selectOptionByValue: All options with value 'Groups of groups' are selected in object 'Object Repository/Bugzilla/EnterBugDetailScreen/Component' 

2017-12-09 12:17:51 - [MESSAGE][PASSED] - All options with value 'Groups of groups' are selected in object 'Object Repository/Bugzilla/EnterBugDetailScreen/Component' 

2017-12-09 12:17:51 - [TEST_STEP][PASSED] - sendKeys: Keys 'Testng Bug' sent to object: 'Object Repository/Bugzilla/EnterBugDetailScreen/Summary'

2017-12-09 12:17:52 - [MESSAGE][PASSED] - Keys 'Testng Bug' sent to object: 'Object Repository/Bugzilla/EnterBugDetailScreen/Summary'

2017-12-09 12:17:52 - [TEST_STEP][PASSED] - sendKeys: Keys 'Testng Bug' sent to object: 'Object Repository/Bugzilla/EnterBugDetailScreen/Description'

2017-12-09 12:17:52 - [MESSAGE][PASSED] - Keys 'Testng Bug' sent to object: 'Object Repository/Bugzilla/EnterBugDetailScreen/Description'

2017-12-09 12:17:52 - [TEST_STEP][PASSED] - click: Object: 'Object Repository/Bugzilla/EnterBugDetailScreen/SubmitBugButton' is clicked on

2017-12-09 12:17:57 - [MESSAGE][PASSED] - Object: 'Object Repository/Bugzilla/EnterBugDetailScreen/SubmitBugButton' is clicked on

2017-12-09 12:17:57 - [TEST_STEP][PASSED] - waitForElementVisible: Object 'Object Repository/Bugzilla/EnterBugDetailScreen/Hardware' is visible

2017-12-09 12:17:57 - [MESSAGE][PASSED] - Object 'Object Repository/Bugzilla/EnterBugDetailScreen/Hardware' is visible

2017-12-09 12:17:57 - [TEST_STEP][FAILED] - verifyTextPresent: Unable to verify text 'Bug abc' is present  (Root cause: Text 'Bug abc' is not present on page )

2017-12-09 12:17:57 - [MESSAGE][FAILED] - Text 'Bug abc' is not present on page 

2017-12-09 12:17:58 - [MESSAGE][FAILED] - Unable to verify text 'Bug abc' is present  (Root cause: Text 'Bug abc' is not present on page )
[[ATTACHMENT|C:\\Users\\Rahul\\Desktop\\Katalon 5\\SeleniumAutomation\\Reports\\VerificationTestSuite\\20171209_121722\\1512802077816.png]]

2017-12-09 12:17:58 - [TEST_STEP][PASSED] - TearDown: Method 'TearDown' complete successfully

2017-12-09 12:17:58 - [TEST_STEP][PASSED] - takeScreenshot: Taking screenshot successfully

2017-12-09 12:17:58 - [MESSAGE][PASSED] - Taking screenshot successfully
[[ATTACHMENT|C:\\Users\\Rahul\\Desktop\\Katalon 5\\SeleniumAutomation\\Reports\\VerificationTestSuite\\20171209_121722\\1512802078104.png]]

2017-12-09 12:17:58 - [TEST_STEP][PASSED] - com.helper.login.LoginHelper.logoutFromApplication: com.helper.login.LoginHelper.logoutFromApplication is PASSED

2017-12-09 12:17:58 - [MESSAGE][PASSED] - Object 'Object Repository/Bugzilla/HomePage/LogoutBtn' is visible

2017-12-09 12:17:59 - [MESSAGE][PASSED] - Object: 'Object Repository/Bugzilla/HomePage/LogoutBtn' is clicked on

2017-12-09 12:17:59 - [MESSAGE][PASSED] - Object 'Object Repository/Bugzilla/HomePage/FlieBugLink' is visible

2017-12-09 12:18:00 - [MESSAGE][PASSED] - Browser is closed

2017-12-09 12:18:00 - [MESSAGE][PASSED] - com.helper.login.LoginHelper.logoutFromApplication is PASSED

2017-12-09 12:18:00 - [MESSAGE][PASSED] - Method 'TearDown' complete successfully]]></system-out>
         <system-err><![CDATA[2017-12-09 12:17:30 - [TEST_CASE][FAILED] - Test Cases/Verification/TC-VerifyElementText: Test Cases/Verification/TC-VerifyElementText FAILED because (of) Unable to verify text 'Bug abc' is present  (Root cause: Text 'Bug abc' is not present on page )]]></system-err>
      </testcase>
      <testcase name="Test Cases/Verification/TC-VerifySaveButton" classname="Test Cases/Verification/TC-VerifySaveButton" status="PASSED">
         <system-out><![CDATA[2017-12-09 12:18:00 - [TEST_CASE][PASSED] - Test Cases/Verification/TC-VerifySaveButton: Test Cases/Verification/TC-VerifySaveButton

2017-12-09 12:18:00 - [TEST_STEP][PASSED] - com.helper.login.LoginHelper.loginIntoApplicationWith: com.helper.login.LoginHelper.loginIntoApplicationWith is PASSED

2017-12-09 12:18:05 - [MESSAGE][PASSED] - Browser is opened with url: 'http://192.168.1.108:5001/'

2017-12-09 12:18:05 - [MESSAGE][PASSED] - Wait for page load successfully

2017-12-09 12:18:06 - [MESSAGE][PASSED] - Current window maximized

2017-12-09 12:18:06 - [MESSAGE][PASSED] - Object 'Object Repository/Bugzilla/HomePage/FlieBugLink' is visible

2017-12-09 12:18:09 - [MESSAGE][PASSED] - Object: 'Object Repository/Bugzilla/HomePage/FlieBugLink' is clicked on

2017-12-09 12:18:09 - [MESSAGE][PASSED] - Object 'Object Repository/Bugzilla/LoginPage/LoginBtn' is visible

2017-12-09 12:18:09 - [MESSAGE][PASSED] - Keys 'rahul@bugzila.com' sent to object: 'Object Repository/Bugzilla/LoginPage/UsernameTxtBox'

2017-12-09 12:18:09 - [MESSAGE][PASSED] - Keys 'welcome' sent to object: 'Object Repository/Bugzilla/LoginPage/PasswordTxtBox'

2017-12-09 12:18:10 - [MESSAGE][PASSED] - Object: 'Object Repository/Bugzilla/LoginPage/LoginBtn' is clicked on

2017-12-09 12:18:11 - [MESSAGE][PASSED] - Delayed 1 second(s)

2017-12-09 12:18:11 - [MESSAGE][PASSED] - com.helper.login.LoginHelper.loginIntoApplicationWith is PASSED

2017-12-09 12:18:11 - [TEST_STEP][PASSED] - waitForElementVisible: Object 'Object Repository/Bugzilla/EnterBug/TestngProductLink' is visible

2017-12-09 12:18:11 - [MESSAGE][PASSED] - Object 'Object Repository/Bugzilla/EnterBug/TestngProductLink' is visible

2017-12-09 12:18:11 - [TEST_STEP][PASSED] - click: Object: 'Object Repository/Bugzilla/EnterBug/TestngProductLink' is clicked on

2017-12-09 12:18:13 - [MESSAGE][PASSED] - Object: 'Object Repository/Bugzilla/EnterBug/TestngProductLink' is clicked on

2017-12-09 12:18:13 - [TEST_STEP][PASSED] - waitForElementVisible: Object 'Object Repository/Bugzilla/EnterBugDetailScreen/Component' is visible

2017-12-09 12:18:13 - [MESSAGE][PASSED] - Object 'Object Repository/Bugzilla/EnterBugDetailScreen/Component' is visible

2017-12-09 12:18:13 - [TEST_STEP][PASSED] - selectOptionByValue: All options with value 'Logging Listeners' are selected in object 'Object Repository/Bugzilla/EnterBugDetailScreen/Component' 

2017-12-09 12:18:14 - [MESSAGE][PASSED] - All options with value 'Logging Listeners' are selected in object 'Object Repository/Bugzilla/EnterBugDetailScreen/Component' 

2017-12-09 12:18:14 - [TEST_STEP][PASSED] - sendKeys: Keys 'Testng Bug for listner' sent to object: 'Object Repository/Bugzilla/EnterBugDetailScreen/Summary'

2017-12-09 12:18:14 - [MESSAGE][PASSED] - Keys 'Testng Bug for listner' sent to object: 'Object Repository/Bugzilla/EnterBugDetailScreen/Summary'

2017-12-09 12:18:14 - [TEST_STEP][PASSED] - sendKeys: Keys 'Testng Bug for listner' sent to object: 'Object Repository/Bugzilla/EnterBugDetailScreen/Description'

2017-12-09 12:18:14 - [MESSAGE][PASSED] - Keys 'Testng Bug for listner' sent to object: 'Object Repository/Bugzilla/EnterBugDetailScreen/Description'

2017-12-09 12:18:14 - [TEST_STEP][PASSED] - click: Object: 'Object Repository/Bugzilla/EnterBugDetailScreen/SubmitBugButton' is clicked on

2017-12-09 12:18:16 - [MESSAGE][PASSED] - Object: 'Object Repository/Bugzilla/EnterBugDetailScreen/SubmitBugButton' is clicked on

2017-12-09 12:18:16 - [TEST_STEP][PASSED] - waitForElementVisible: Object 'Object Repository/Bugzilla/EnterBugDetailScreen/Hardware' is visible

2017-12-09 12:18:16 - [MESSAGE][PASSED] - Object 'Object Repository/Bugzilla/EnterBugDetailScreen/Hardware' is visible

2017-12-09 12:18:16 - [TEST_STEP][PASSED] - verifyElementPresent: Object 'Object Repository/Bugzilla/BugSubmitted/SaveChanges' is present

2017-12-09 12:18:16 - [MESSAGE][PASSED] - Object 'Object Repository/Bugzilla/BugSubmitted/SaveChanges' is present

2017-12-09 12:18:16 - [TEST_STEP][PASSED] - delay: Delayed 2 second(s)

2017-12-09 12:18:18 - [MESSAGE][PASSED] - Delayed 2 second(s)

2017-12-09 12:18:18 - [TEST_STEP][PASSED] - com.helper.login.LoginHelper.logoutFromApplication: com.helper.login.LoginHelper.logoutFromApplication is PASSED

2017-12-09 12:18:18 - [MESSAGE][PASSED] - Object 'Object Repository/Bugzilla/HomePage/LogoutBtn' is visible

2017-12-09 12:18:19 - [MESSAGE][PASSED] - Object: 'Object Repository/Bugzilla/HomePage/LogoutBtn' is clicked on

2017-12-09 12:18:19 - [MESSAGE][PASSED] - Object 'Object Repository/Bugzilla/HomePage/FlieBugLink' is visible

2017-12-09 12:18:20 - [MESSAGE][PASSED] - Browser is closed

2017-12-09 12:18:20 - [MESSAGE][PASSED] - com.helper.login.LoginHelper.logoutFromApplication is PASSED]]></system-out>
         <system-err><![CDATA[]]></system-err>
      </testcase>
      <testcase name="Test Cases/Verification/TC-VerifyTextPresent" classname="Test Cases/Verification/TC-VerifyTextPresent" status="PASSED">
         <system-out><![CDATA[2017-12-09 12:18:20 - [TEST_CASE][PASSED] - Test Cases/Verification/TC-VerifyTextPresent: Test Cases/Verification/TC-VerifyTextPresent

2017-12-09 12:18:20 - [TEST_STEP][PASSED] - com.helper.login.LoginHelper.loginIntoApplicationWith: com.helper.login.LoginHelper.loginIntoApplicationWith is PASSED

2017-12-09 12:18:23 - [MESSAGE][PASSED] - Browser is opened with url: 'http://192.168.1.108:5001/'

2017-12-09 12:18:23 - [MESSAGE][PASSED] - Wait for page load successfully

2017-12-09 12:18:25 - [MESSAGE][PASSED] - Current window maximized

2017-12-09 12:18:25 - [MESSAGE][PASSED] - Object 'Object Repository/Bugzilla/HomePage/FlieBugLink' is visible

2017-12-09 12:18:26 - [MESSAGE][PASSED] - Object: 'Object Repository/Bugzilla/HomePage/FlieBugLink' is clicked on

2017-12-09 12:18:26 - [MESSAGE][PASSED] - Object 'Object Repository/Bugzilla/LoginPage/LoginBtn' is visible

2017-12-09 12:18:26 - [MESSAGE][PASSED] - Keys 'rahul@bugzila.com' sent to object: 'Object Repository/Bugzilla/LoginPage/UsernameTxtBox'

2017-12-09 12:18:26 - [MESSAGE][PASSED] - Keys 'welcome' sent to object: 'Object Repository/Bugzilla/LoginPage/PasswordTxtBox'

2017-12-09 12:18:27 - [MESSAGE][PASSED] - Object: 'Object Repository/Bugzilla/LoginPage/LoginBtn' is clicked on

2017-12-09 12:18:28 - [MESSAGE][PASSED] - Delayed 1 second(s)

2017-12-09 12:18:28 - [MESSAGE][PASSED] - com.helper.login.LoginHelper.loginIntoApplicationWith is PASSED

2017-12-09 12:18:28 - [TEST_STEP][PASSED] - waitForElementVisible: Object 'Object Repository/Bugzilla/EnterBug/TestngProductLink' is visible

2017-12-09 12:18:29 - [MESSAGE][PASSED] - Object 'Object Repository/Bugzilla/EnterBug/TestngProductLink' is visible

2017-12-09 12:18:29 - [TEST_STEP][PASSED] - verifyTextPresent: Text 'TestProduct' is present on page 

2017-12-09 12:18:29 - [MESSAGE][PASSED] - Text 'TestProduct' is present on page 

2017-12-09 12:18:29 - [TEST_STEP][PASSED] - delay: Delayed 2 second(s)

2017-12-09 12:18:31 - [MESSAGE][PASSED] - Delayed 2 second(s)

2017-12-09 12:18:31 - [TEST_STEP][PASSED] - com.helper.login.LoginHelper.logoutFromApplication: com.helper.login.LoginHelper.logoutFromApplication is PASSED

2017-12-09 12:18:31 - [MESSAGE][PASSED] - Object 'Object Repository/Bugzilla/HomePage/LogoutBtn' is visible

2017-12-09 12:18:32 - [MESSAGE][PASSED] - Object: 'Object Repository/Bugzilla/HomePage/LogoutBtn' is clicked on

2017-12-09 12:18:32 - [MESSAGE][PASSED] - Object 'Object Repository/Bugzilla/HomePage/FlieBugLink' is visible

2017-12-09 12:18:33 - [MESSAGE][PASSED] - Browser is closed

2017-12-09 12:18:33 - [MESSAGE][PASSED] - com.helper.login.LoginHelper.logoutFromApplication is PASSED]]></system-out>
         <system-err><![CDATA[]]></system-err>
      </testcase>
      <testcase name="Test Cases/Verification/TC-VerifySaveButtonScriptMode" classname="Test Cases/Verification/TC-VerifySaveButtonScriptMode" status="FAILED">
         <failure type="FAILED" message="Unable to verify object 'Object Repository/Bugzilla/EnterBug/TestngProductLink' is present (Root cause: com.kms.katalon.core.webui.exception.WebElementNotFoundException: Web element with id: 'Object Repository/Bugzilla/EnterBug/TestngProductLink' located by 'By.xpath: //a[text()='Testng']' not found)"/>
         <system-out><![CDATA[2017-12-09 12:18:33 - [TEST_CASE][FAILED] - Test Cases/Verification/TC-VerifySaveButtonScriptMode: Test Cases/Verification/TC-VerifySaveButtonScriptMode FAILED because (of) Unable to verify object 'Object Repository/Bugzilla/EnterBug/TestngProductLink' is present (Root cause: com.kms.katalon.core.webui.exception.WebElementNotFoundException: Web element with id: 'Object Repository/Bugzilla/EnterBug/TestngProductLink' located by 'By.xpath: //a[text()='Testng']' not found)

2017-12-09 12:18:33 - [TEST_STEP][PASSED] - com.helper.login.LoginHelper.loginIntoApplicationWith: com.helper.login.LoginHelper.loginIntoApplicationWith is PASSED

2017-12-09 12:18:37 - [MESSAGE][PASSED] - Browser is opened with url: 'http://192.168.1.108:5001/'

2017-12-09 12:18:37 - [MESSAGE][PASSED] - Wait for page load successfully

2017-12-09 12:18:38 - [MESSAGE][PASSED] - Current window maximized

2017-12-09 12:18:38 - [MESSAGE][PASSED] - Object 'Object Repository/Bugzilla/HomePage/FlieBugLink' is visible

2017-12-09 12:18:39 - [MESSAGE][PASSED] - Object: 'Object Repository/Bugzilla/HomePage/FlieBugLink' is clicked on

2017-12-09 12:18:39 - [MESSAGE][PASSED] - Object 'Object Repository/Bugzilla/LoginPage/LoginBtn' is visible

2017-12-09 12:18:39 - [MESSAGE][PASSED] - Keys 'rahul@bugzila.com' sent to object: 'Object Repository/Bugzilla/LoginPage/UsernameTxtBox'

2017-12-09 12:18:39 - [MESSAGE][PASSED] - Keys 'welcome' sent to object: 'Object Repository/Bugzilla/LoginPage/PasswordTxtBox'

2017-12-09 12:18:41 - [MESSAGE][PASSED] - Object: 'Object Repository/Bugzilla/LoginPage/LoginBtn' is clicked on

2017-12-09 12:18:42 - [MESSAGE][PASSED] - Delayed 1 second(s)

2017-12-09 12:18:42 - [MESSAGE][PASSED] - com.helper.login.LoginHelper.loginIntoApplicationWith is PASSED

2017-12-09 12:18:42 - [TEST_STEP][PASSED] - waitForElementVisible: Object 'Object Repository/Bugzilla/EnterBug/TestngProductLink' is visible

2017-12-09 12:18:42 - [MESSAGE][PASSED] - Object 'Object Repository/Bugzilla/EnterBug/TestngProductLink' is visible

2017-12-09 12:18:42 - [TEST_STEP][PASSED] - click: Object: 'Object Repository/Bugzilla/EnterBug/TestngProductLink' is clicked on

2017-12-09 12:18:43 - [MESSAGE][PASSED] - Object: 'Object Repository/Bugzilla/EnterBug/TestngProductLink' is clicked on

2017-12-09 12:18:43 - [TEST_STEP][PASSED] - waitForElementVisible: Object 'Object Repository/Bugzilla/EnterBugDetailScreen/Component' is visible

2017-12-09 12:18:43 - [MESSAGE][PASSED] - Object 'Object Repository/Bugzilla/EnterBugDetailScreen/Component' is visible

2017-12-09 12:18:43 - [TEST_STEP][PASSED] - selectOptionByValue: All options with value 'Logging Listeners' are selected in object 'Object Repository/Bugzilla/EnterBugDetailScreen/Component' 

2017-12-09 12:18:43 - [MESSAGE][PASSED] - All options with value 'Logging Listeners' are selected in object 'Object Repository/Bugzilla/EnterBugDetailScreen/Component' 

2017-12-09 12:18:43 - [TEST_STEP][PASSED] - sendKeys: Keys 'Testng Listener Bug' sent to object: 'Object Repository/Bugzilla/EnterBugDetailScreen/Summary'

2017-12-09 12:18:44 - [MESSAGE][PASSED] - Keys 'Testng Listener Bug' sent to object: 'Object Repository/Bugzilla/EnterBugDetailScreen/Summary'

2017-12-09 12:18:44 - [TEST_STEP][PASSED] - sendKeys: Keys 'Testng Listener Bug' sent to object: 'Object Repository/Bugzilla/EnterBugDetailScreen/Description'

2017-12-09 12:18:44 - [MESSAGE][PASSED] - Keys 'Testng Listener Bug' sent to object: 'Object Repository/Bugzilla/EnterBugDetailScreen/Description'

2017-12-09 12:18:44 - [TEST_STEP][PASSED] - click: Object: 'Object Repository/Bugzilla/EnterBugDetailScreen/SubmitBugButton' is clicked on

2017-12-09 12:18:46 - [MESSAGE][PASSED] - Object: 'Object Repository/Bugzilla/EnterBugDetailScreen/SubmitBugButton' is clicked on

2017-12-09 12:18:46 - [TEST_STEP][PASSED] - waitForElementVisible: Object 'Object Repository/Bugzilla/EnterBugDetailScreen/Hardware' is visible

2017-12-09 12:18:46 - [MESSAGE][PASSED] - Object 'Object Repository/Bugzilla/EnterBugDetailScreen/Hardware' is visible

2017-12-09 12:18:46 - [TEST_STEP][FAILED] - verifyElementPresent: Unable to verify object 'Object Repository/Bugzilla/EnterBug/TestngProductLink' is present (Root cause: com.kms.katalon.core.webui.exception.WebElementNotFoundException: Web element with id: 'Object Repository/Bugzilla/EnterBug/TestngProductLink' located by 'By.xpath: //a[text()='Testng']' not found)

2017-12-09 12:18:47 - [MESSAGE][FAILED] - com.kms.katalon.core.webui.exception.WebElementNotFoundException: Web element with id: 'Object Repository/Bugzilla/EnterBug/TestngProductLink' located by 'By.xpath: //a[text()='Testng']' not found
[[ATTACHMENT|C:\\Users\\Rahul\\Desktop\\Katalon 5\\SeleniumAutomation\\Reports\\VerificationTestSuite\\20171209_121722\\1512802127198.png]]

2017-12-09 12:18:47 - [MESSAGE][FAILED] - Unable to verify object 'Object Repository/Bugzilla/EnterBug/TestngProductLink' is present (Root cause: com.kms.katalon.core.webui.exception.WebElementNotFoundException: Web element with id: 'Object Repository/Bugzilla/EnterBug/TestngProductLink' located by 'By.xpath: //a[text()='Testng']' not found)
[[ATTACHMENT|C:\\Users\\Rahul\\Desktop\\Katalon 5\\SeleniumAutomation\\Reports\\VerificationTestSuite\\20171209_121722\\1512802127423.png]]]]></system-out>
         <system-err><![CDATA[2017-12-09 12:18:33 - [TEST_CASE][FAILED] - Test Cases/Verification/TC-VerifySaveButtonScriptMode: Test Cases/Verification/TC-VerifySaveButtonScriptMode FAILED because (of) Unable to verify object 'Object Repository/Bugzilla/EnterBug/TestngProductLink' is present (Root cause: com.kms.katalon.core.webui.exception.WebElementNotFoundException: Web element with id: 'Object Repository/Bugzilla/EnterBug/TestngProductLink' located by 'By.xpath: //a[text()='Testng']' not found)]]></system-err>
      </testcase>
      <system-out><![CDATA[2017-12-09 12:17:29 - [TEST_SUITE][FAILED] - VerificationTestSuite: Test Cases/Verification/TC-VerifyElementText FAILED because (of) Unable to verify text 'Bug abc' is present  (Root cause: Text 'Bug abc' is not present on page )]]></system-out>
      <system-err><![CDATA[2017-12-09 12:17:29 - [TEST_SUITE][FAILED] - VerificationTestSuite: Test Cases/Verification/TC-VerifyElementText FAILED because (of) Unable to verify text 'Bug abc' is present  (Root cause: Text 'Bug abc' is not present on page )]]></system-err>
   </testsuite>
</testsuites>
