{"devicePlatform":"","logFolder":"C:\\Users\\Rahul\\Desktop\\Katalon 5\\SeleniumAutomation\\Reports\\JavaScriptTestSuite\\20171209_201610","runData":{"hostName":"Rahul - Rahul-Dell-PC","os":"Windows 10 64bit","katalonVersion":"5.2.0.1","browser":"Chrome 63.0.3239.84","hostAddress":"192.168.1.5","sessionId":"b4878f8b900793952f323d144d55d3ad","seleniumVersion":"3.7.1","proxyInformation":"ProxyInformation{proxyOption\u003dNO_PROXY, proxyServerType\u003dHTTP, password\u003d, proxyServerAddress\u003d, proxyServerPort\u003d0}","platform":"Windows 10"},"type":"TEST_SUITE","name":"JavaScriptTestSuite","id":"Test Suites/JavaScriptTestSuite","source":"","message":"Test Cases/JavaScriptPopup/TC-HandlingConfirmationPopupScriptMode FAILED because (of) Unable to click on object \u0027Object Repository/W3School/ConfirmationPopup\u0027 (Root cause: org.openqa.selenium.WebDriverException: unknown error: Element \u003ca target\u003d\"_blank\" href\u003d\"tryit.asp?filename\u003dtryjs_confirm\" class\u003d\"w3-btn w3-margin-bottom\"\u003e...\u003c/a\u003e is not clickable at point (107, 19). Other element would receive the click: \u003ca class\u003d\"w3-bar-item w3-button\" href\u003d\"/html/default.asp\" title\u003d\"... Tutorial\"\u003eHTML\u003c/a\u003e\n  (Session info: headless chrome\u003d63.0.3239.84)\n  (Driver info: chromedriver\u003d2.33.506120 (e3e53437346286c0bc2d2dc9aa4915ba81d9023f),platform\u003dWindows NT 10.0.15063 x86_64) (WARNING: The server did not provide any stacktrace information)\nCommand duration or timeout: 0 milliseconds\nBuild info: version: \u00273.7.1\u0027, revision: \u00278a0099a\u0027, time: \u00272017-11-06T21:07:36.161Z\u0027\nSystem info: host: \u0027RAHUL-DELL-PC\u0027, ip: \u0027192.168.1.5\u0027, os.name: \u0027Windows 10\u0027, os.arch: \u0027amd64\u0027, os.version: \u002710.0\u0027, java.version: \u00271.8.0_102\u0027\nDriver info: com.kms.katalon.selenium.driver.CChromeDriver\nCapabilities {acceptSslCerts: true, applicationCacheEnabled: false, browserConnectionEnabled: false, browserName: chrome, chrome: {chromedriverVersion: 2.33.506120 (e3e53437346286..., userDataDir: C:\\Users\\Rahul\\AppData\\Loca...}, cssSelectorsEnabled: true, databaseEnabled: false, handlesAlerts: true, hasTouchScreen: false, javascriptEnabled: true, locationContextEnabled: true, mobileEmulationEnabled: false, nativeEvents: true, networkConnectionEnabled: false, pageLoadStrategy: normal, platform: XP, platformName: XP, rotatable: false, setWindowRect: true, takesHeapSnapshot: true, takesScreenshot: true, unexpectedAlertBehaviour: , unhandledPromptBehavior: , version: 63.0.3239.84, webStorageEnabled: true}\nSession ID: ecaf6d2157e525ce78f803c52f8a810a)","description":"Test suite for java script popup","startTime":1512830772972,"endTime":1512830799910,"childRecords":[{"isOptional":false,"type":"TEST_CASE","name":"Test Cases/JavaScriptPopup/TC-HandlingConfirmationPopupScriptMode","id":"Test Cases/JavaScriptPopup/TC-HandlingConfirmationPopupScriptMode","source":"C:\\\\Users\\\\Rahul\\\\Desktop\\\\Katalon 5\\\\SeleniumAutomationTest Cases\\\\JavaScriptPopup\\\\TC-HandlingConfirmationPopupScriptMode.tc","message":"Test Cases/JavaScriptPopup/TC-HandlingConfirmationPopupScriptMode FAILED because (of) Unable to click on object \u0027Object Repository/W3School/ConfirmationPopup\u0027 (Root cause: org.openqa.selenium.WebDriverException: unknown error: Element \u003ca target\u003d\"_blank\" href\u003d\"tryit.asp?filename\u003dtryjs_confirm\" class\u003d\"w3-btn w3-margin-bottom\"\u003e...\u003c/a\u003e is not clickable at point (107, 19). Other element would receive the click: \u003ca class\u003d\"w3-bar-item w3-button\" href\u003d\"/html/default.asp\" title\u003d\"... Tutorial\"\u003eHTML\u003c/a\u003e\n  (Session info: headless chrome\u003d63.0.3239.84)\n  (Driver info: chromedriver\u003d2.33.506120 (e3e53437346286c0bc2d2dc9aa4915ba81d9023f),platform\u003dWindows NT 10.0.15063 x86_64) (WARNING: The server did not provide any stacktrace information)\nCommand duration or timeout: 0 milliseconds\nBuild info: version: \u00273.7.1\u0027, revision: \u00278a0099a\u0027, time: \u00272017-11-06T21:07:36.161Z\u0027\nSystem info: host: \u0027RAHUL-DELL-PC\u0027, ip: \u0027192.168.1.5\u0027, os.name: \u0027Windows 10\u0027, os.arch: \u0027amd64\u0027, os.version: \u002710.0\u0027, java.version: \u00271.8.0_102\u0027\nDriver info: com.kms.katalon.selenium.driver.CChromeDriver\nCapabilities {acceptSslCerts: true, applicationCacheEnabled: false, browserConnectionEnabled: false, browserName: chrome, chrome: {chromedriverVersion: 2.33.506120 (e3e53437346286..., userDataDir: C:\\Users\\Rahul\\AppData\\Loca...}, cssSelectorsEnabled: true, databaseEnabled: false, handlesAlerts: true, hasTouchScreen: false, javascriptEnabled: true, locationContextEnabled: true, mobileEmulationEnabled: false, nativeEvents: true, networkConnectionEnabled: false, pageLoadStrategy: normal, platform: XP, platformName: XP, rotatable: false, setWindowRect: true, takesHeapSnapshot: true, takesScreenshot: true, unexpectedAlertBehaviour: , unhandledPromptBehavior: , version: 63.0.3239.84, webStorageEnabled: true}\nSession ID: ecaf6d2157e525ce78f803c52f8a810a)","description":"","startTime":1512830773370,"endTime":1512830782744,"childRecords":[{"testStatus":{"stackTrace":"","statusValue":"INFO"},"type":"MESSAGE","name":"","message":"Evaluating variables for test case","startTime":1512830773660,"endTime":0,"childRecords":[],"interuppted":false},{"testStatus":{"stackTrace":"","statusValue":"INFO"},"type":"MESSAGE","name":"","message":"Variable \u0027alertText\u0027 is set to  as default","startTime":1512830773780,"endTime":0,"childRecords":[],"interuppted":false},{"index":1,"isIgnoredIfFailed":false,"type":"TEST_STEP","name":"openBrowser","message":"Browser is opened with url: \u0027https://www.w3schools.com/js/js_popup.asp\u0027","description":"","startTime":1512830774322,"endTime":1512830780959,"childRecords":[{"testStatus":{"stackTrace":"","statusValue":"PASSED"},"type":"MESSAGE","name":"","message":"Browser is opened with url: \u0027https://www.w3schools.com/js/js_popup.asp\u0027","startTime":1512830780955,"endTime":0,"childRecords":[],"interuppted":false}],"interuppted":false},{"index":2,"isIgnoredIfFailed":false,"type":"TEST_STEP","name":"waitForPageLoad","message":"Wait for page load successfully","description":"","startTime":1512830780961,"endTime":1512830781092,"childRecords":[{"testStatus":{"stackTrace":"","statusValue":"PASSED"},"type":"MESSAGE","name":"","message":"Wait for page load successfully","startTime":1512830781091,"endTime":0,"childRecords":[],"interuppted":false}],"interuppted":false},{"index":3,"isIgnoredIfFailed":false,"type":"TEST_STEP","name":"maximizeWindow","message":"Current window maximized","description":"","startTime":1512830781092,"endTime":1512830782229,"childRecords":[{"testStatus":{"stackTrace":"","statusValue":"PASSED"},"type":"MESSAGE","name":"","message":"Current window maximized","startTime":1512830782228,"endTime":0,"childRecords":[],"interuppted":false}],"interuppted":false},{"index":4,"isIgnoredIfFailed":false,"type":"TEST_STEP","name":"scrollToElement","message":"Scroll to object \u0027Object Repository/W3School/ConfirmationPopup\u0027 successfully","description":"","startTime":1512830782230,"endTime":1512830782333,"childRecords":[{"testStatus":{"stackTrace":"","statusValue":"PASSED"},"type":"MESSAGE","name":"","message":"Scroll to object \u0027Object Repository/W3School/ConfirmationPopup\u0027 successfully","startTime":1512830782329,"endTime":0,"childRecords":[],"interuppted":false}],"interuppted":false},{"attachment":"1512830782436.png","index":5,"isIgnoredIfFailed":false,"type":"TEST_STEP","name":"click","message":"Unable to click on object \u0027Object Repository/W3School/ConfirmationPopup\u0027 (Root cause: org.openqa.selenium.WebDriverException: unknown error: Element \u003ca target\u003d\"_blank\" href\u003d\"tryit.asp?filename\u003dtryjs_confirm\" class\u003d\"w3-btn w3-margin-bottom\"\u003e...\u003c/a\u003e is not clickable at point (107, 19). Other element would receive the click: \u003ca class\u003d\"w3-bar-item w3-button\" href\u003d\"/html/default.asp\" title\u003d\"... Tutorial\"\u003eHTML\u003c/a\u003e\n  (Session info: headless chrome\u003d63.0.3239.84)\n  (Driver info: chromedriver\u003d2.33.506120 (e3e53437346286c0bc2d2dc9aa4915ba81d9023f),platform\u003dWindows NT 10.0.15063 x86_64) (WARNING: The server did not provide any stacktrace information)\nCommand duration or timeout: 0 milliseconds\nBuild info: version: \u00273.7.1\u0027, revision: \u00278a0099a\u0027, time: \u00272017-11-06T21:07:36.161Z\u0027\nSystem info: host: \u0027RAHUL-DELL-PC\u0027, ip: \u0027192.168.1.5\u0027, os.name: \u0027Windows 10\u0027, os.arch: \u0027amd64\u0027, os.version: \u002710.0\u0027, java.version: \u00271.8.0_102\u0027\nDriver info: com.kms.katalon.selenium.driver.CChromeDriver\nCapabilities {acceptSslCerts: true, applicationCacheEnabled: false, browserConnectionEnabled: false, browserName: chrome, chrome: {chromedriverVersion: 2.33.506120 (e3e53437346286..., userDataDir: C:\\Users\\Rahul\\AppData\\Loca...}, cssSelectorsEnabled: true, databaseEnabled: false, handlesAlerts: true, hasTouchScreen: false, javascriptEnabled: true, locationContextEnabled: true, mobileEmulationEnabled: false, nativeEvents: true, networkConnectionEnabled: false, pageLoadStrategy: normal, platform: XP, platformName: XP, rotatable: false, setWindowRect: true, takesHeapSnapshot: true, takesScreenshot: true, unexpectedAlertBehaviour: , unhandledPromptBehavior: , version: 63.0.3239.84, webStorageEnabled: true}\nSession ID: ecaf6d2157e525ce78f803c52f8a810a)","description":"","startTime":1512830782333,"endTime":1512830782740,"childRecords":[{"testStatus":{"stackTrace":"","statusValue":"FAILED"},"attachment":"1512830782436.png","type":"MESSAGE","name":"","message":"Unable to click on object \u0027Object Repository/W3School/ConfirmationPopup\u0027 (Root cause: org.openqa.selenium.WebDriverException: unknown error: Element \u003ca target\u003d\"_blank\" href\u003d\"tryit.asp?filename\u003dtryjs_confirm\" class\u003d\"w3-btn w3-margin-bottom\"\u003e...\u003c/a\u003e is not clickable at point (107, 19). Other element would receive the click: \u003ca class\u003d\"w3-bar-item w3-button\" href\u003d\"/html/default.asp\" title\u003d\"... Tutorial\"\u003eHTML\u003c/a\u003e\n  (Session info: headless chrome\u003d63.0.3239.84)\n  (Driver info: chromedriver\u003d2.33.506120 (e3e53437346286c0bc2d2dc9aa4915ba81d9023f),platform\u003dWindows NT 10.0.15063 x86_64) (WARNING: The server did not provide any stacktrace information)\nCommand duration or timeout: 0 milliseconds\nBuild info: version: \u00273.7.1\u0027, revision: \u00278a0099a\u0027, time: \u00272017-11-06T21:07:36.161Z\u0027\nSystem info: host: \u0027RAHUL-DELL-PC\u0027, ip: \u0027192.168.1.5\u0027, os.name: \u0027Windows 10\u0027, os.arch: \u0027amd64\u0027, os.version: \u002710.0\u0027, java.version: \u00271.8.0_102\u0027\nDriver info: com.kms.katalon.selenium.driver.CChromeDriver\nCapabilities {acceptSslCerts: true, applicationCacheEnabled: false, browserConnectionEnabled: false, browserName: chrome, chrome: {chromedriverVersion: 2.33.506120 (e3e53437346286..., userDataDir: C:\\Users\\Rahul\\AppData\\Loca...}, cssSelectorsEnabled: true, databaseEnabled: false, handlesAlerts: true, hasTouchScreen: false, javascriptEnabled: true, locationContextEnabled: true, mobileEmulationEnabled: false, nativeEvents: true, networkConnectionEnabled: false, pageLoadStrategy: normal, platform: XP, platformName: XP, rotatable: false, setWindowRect: true, takesHeapSnapshot: true, takesScreenshot: true, unexpectedAlertBehaviour: , unhandledPromptBehavior: , version: 63.0.3239.84, webStorageEnabled: true}\nSession ID: ecaf6d2157e525ce78f803c52f8a810a)","startTime":1512830782739,"endTime":0,"childRecords":[],"interuppted":false}],"interuppted":false},{"testStatus":{"stackTrace":"","statusValue":"FAILED"},"type":"MESSAGE","name":"","message":"Test Cases/JavaScriptPopup/TC-HandlingConfirmationPopupScriptMode FAILED because (of) Unable to click on object \u0027Object Repository/W3School/ConfirmationPopup\u0027 (Root cause: org.openqa.selenium.WebDriverException: unknown error: Element \u003ca target\u003d\"_blank\" href\u003d\"tryit.asp?filename\u003dtryjs_confirm\" class\u003d\"w3-btn w3-margin-bottom\"\u003e...\u003c/a\u003e is not clickable at point (107, 19). Other element would receive the click: \u003ca class\u003d\"w3-bar-item w3-button\" href\u003d\"/html/default.asp\" title\u003d\"... Tutorial\"\u003eHTML\u003c/a\u003e\n  (Session info: headless chrome\u003d63.0.3239.84)\n  (Driver info: chromedriver\u003d2.33.506120 (e3e53437346286c0bc2d2dc9aa4915ba81d9023f),platform\u003dWindows NT 10.0.15063 x86_64) (WARNING: The server did not provide any stacktrace information)\nCommand duration or timeout: 0 milliseconds\nBuild info: version: \u00273.7.1\u0027, revision: \u00278a0099a\u0027, time: \u00272017-11-06T21:07:36.161Z\u0027\nSystem info: host: \u0027RAHUL-DELL-PC\u0027, ip: \u0027192.168.1.5\u0027, os.name: \u0027Windows 10\u0027, os.arch: \u0027amd64\u0027, os.version: \u002710.0\u0027, java.version: \u00271.8.0_102\u0027\nDriver info: com.kms.katalon.selenium.driver.CChromeDriver\nCapabilities {acceptSslCerts: true, applicationCacheEnabled: false, browserConnectionEnabled: false, browserName: chrome, chrome: {chromedriverVersion: 2.33.506120 (e3e53437346286..., userDataDir: C:\\Users\\Rahul\\AppData\\Loca...}, cssSelectorsEnabled: true, databaseEnabled: false, handlesAlerts: true, hasTouchScreen: false, javascriptEnabled: true, locationContextEnabled: true, mobileEmulationEnabled: false, nativeEvents: true, networkConnectionEnabled: false, pageLoadStrategy: normal, platform: XP, platformName: XP, rotatable: false, setWindowRect: true, takesHeapSnapshot: true, takesScreenshot: true, unexpectedAlertBehaviour: , unhandledPromptBehavior: , version: 63.0.3239.84, webStorageEnabled: true}\nSession ID: ecaf6d2157e525ce78f803c52f8a810a)","startTime":1512830782741,"endTime":0,"childRecords":[],"interuppted":false}],"interuppted":false},{"isOptional":false,"type":"TEST_CASE","name":"Test Cases/JavaScriptPopup/TC-HandlingJavaScriptAlertScriptMode","id":"Test Cases/JavaScriptPopup/TC-HandlingJavaScriptAlertScriptMode","source":"C:\\\\Users\\\\Rahul\\\\Desktop\\\\Katalon 5\\\\SeleniumAutomationTest Cases\\\\JavaScriptPopup\\\\TC-HandlingJavaScriptAlertScriptMode.tc","message":"Test Cases/JavaScriptPopup/TC-HandlingJavaScriptAlertScriptMode","description":"","startTime":1512830782801,"endTime":1512830793125,"childRecords":[{"testStatus":{"stackTrace":"","statusValue":"INFO"},"type":"MESSAGE","name":"","message":"Evaluating variables for test case","startTime":1512830782889,"endTime":0,"childRecords":[],"interuppted":false},{"index":1,"isIgnoredIfFailed":false,"type":"TEST_STEP","name":"openBrowser","message":"Browser is opened with url: \u0027https://www.w3schools.com/js/js_popup.asp\u0027","description":"","startTime":1512830783120,"endTime":1512830787787,"childRecords":[{"testStatus":{"stackTrace":"","statusValue":"WARNING"},"type":"MESSAGE","name":"","message":"A browser is already opened. Closing browser and opening a new one","startTime":1512830783122,"endTime":0,"childRecords":[],"interuppted":false},{"testStatus":{"stackTrace":"","statusValue":"PASSED"},"type":"MESSAGE","name":"","message":"Browser is opened with url: \u0027https://www.w3schools.com/js/js_popup.asp\u0027","startTime":1512830787787,"endTime":0,"childRecords":[],"interuppted":false}],"interuppted":false},{"index":2,"isIgnoredIfFailed":false,"type":"TEST_STEP","name":"waitForPageLoad","message":"Wait for page load successfully","description":"","startTime":1512830787788,"endTime":1512830787795,"childRecords":[{"testStatus":{"stackTrace":"","statusValue":"PASSED"},"type":"MESSAGE","name":"","message":"Wait for page load successfully","startTime":1512830787795,"endTime":0,"childRecords":[],"interuppted":false}],"interuppted":false},{"index":3,"isIgnoredIfFailed":false,"type":"TEST_STEP","name":"maximizeWindow","message":"Current window maximized","description":"","startTime":1512830787795,"endTime":1512830788908,"childRecords":[{"testStatus":{"stackTrace":"","statusValue":"PASSED"},"type":"MESSAGE","name":"","message":"Current window maximized","startTime":1512830788907,"endTime":0,"childRecords":[],"interuppted":false}],"interuppted":false},{"index":4,"isIgnoredIfFailed":false,"type":"TEST_STEP","name":"click","message":"Object: \u0027Object Repository/W3School/TryItBtn\u0027 is clicked on","description":"","startTime":1512830788908,"endTime":1512830789011,"childRecords":[{"testStatus":{"stackTrace":"","statusValue":"PASSED"},"type":"MESSAGE","name":"","message":"Object: \u0027Object Repository/W3School/TryItBtn\u0027 is clicked on","startTime":1512830789011,"endTime":0,"childRecords":[],"interuppted":false}],"interuppted":false},{"index":5,"isIgnoredIfFailed":false,"type":"TEST_STEP","name":"delay","message":"Delayed 2 second(s)","description":"","startTime":1512830789012,"endTime":1512830791044,"childRecords":[{"testStatus":{"stackTrace":"","statusValue":"PASSED"},"type":"MESSAGE","name":"","message":"Delayed 2 second(s)","startTime":1512830791042,"endTime":0,"childRecords":[],"interuppted":false}],"interuppted":false},{"index":6,"isIgnoredIfFailed":false,"type":"TEST_STEP","name":"switchToWindowIndex","message":"Switched to window with index: \u00271\u0027","description":"","startTime":1512830791044,"endTime":1512830791118,"childRecords":[{"testStatus":{"stackTrace":"","statusValue":"PASSED"},"type":"MESSAGE","name":"","message":"Switched to window with index: \u00271\u0027","startTime":1512830791118,"endTime":0,"childRecords":[],"interuppted":false}],"interuppted":false},{"index":7,"isIgnoredIfFailed":false,"type":"TEST_STEP","name":"switchToFrame","message":"Switched to iframe: \u0027Object Repository/W3School/TryItButtonFrame\u0027","description":"","startTime":1512830791119,"endTime":1512830792276,"childRecords":[],"interuppted":false},{"index":8,"isIgnoredIfFailed":false,"type":"TEST_STEP","name":"click","message":"Object: \u0027Object Repository/W3School/TryButton\u0027 is clicked on","description":"","startTime":1512830792276,"endTime":1512830792371,"childRecords":[{"testStatus":{"stackTrace":"","statusValue":"PASSED"},"type":"MESSAGE","name":"","message":"Object: \u0027Object Repository/W3School/TryButton\u0027 is clicked on","startTime":1512830792371,"endTime":0,"childRecords":[],"interuppted":false}],"interuppted":false},{"index":9,"isIgnoredIfFailed":false,"type":"TEST_STEP","name":"waitForAlert","message":"Alert is present after 40 second(s).","description":"","startTime":1512830792371,"endTime":1512830792391,"childRecords":[{"testStatus":{"stackTrace":"","statusValue":"PASSED"},"type":"MESSAGE","name":"","message":"Alert is present after 40 second(s).","startTime":1512830792391,"endTime":0,"childRecords":[],"interuppted":false}],"interuppted":false},{"index":10,"isIgnoredIfFailed":false,"type":"TEST_STEP","name":"acceptAlert","message":"Alert accepted","description":"","startTime":1512830792391,"endTime":1512830792421,"childRecords":[{"testStatus":{"stackTrace":"","statusValue":"PASSED"},"type":"MESSAGE","name":"","message":"Alert accepted","startTime":1512830792420,"endTime":0,"childRecords":[],"interuppted":false}],"interuppted":false},{"index":11,"isIgnoredIfFailed":false,"type":"TEST_STEP","name":"switchToDefaultContent","message":"Switching to default content","description":"","startTime":1512830792422,"endTime":1512830792452,"childRecords":[],"interuppted":false},{"index":12,"isIgnoredIfFailed":false,"type":"TEST_STEP","name":"closeWindowIndex","message":"Window with index 1 is closed","description":"","startTime":1512830792452,"endTime":1512830792527,"childRecords":[{"testStatus":{"stackTrace":"","statusValue":"PASSED"},"type":"MESSAGE","name":"","message":"Window with index 1 is closed","startTime":1512830792527,"endTime":0,"childRecords":[],"interuppted":false}],"interuppted":false},{"index":13,"isIgnoredIfFailed":false,"type":"TEST_STEP","name":"switchToWindowIndex","message":"Switched to window with index: \u00270\u0027","description":"","startTime":1512830792528,"endTime":1512830792547,"childRecords":[{"testStatus":{"stackTrace":"","statusValue":"PASSED"},"type":"MESSAGE","name":"","message":"Switched to window with index: \u00270\u0027","startTime":1512830792546,"endTime":0,"childRecords":[],"interuppted":false}],"interuppted":false},{"index":14,"isIgnoredIfFailed":false,"type":"TEST_STEP","name":"closeBrowser","message":"Browser is closed","description":"","startTime":1512830792547,"endTime":1512830793125,"childRecords":[{"testStatus":{"stackTrace":"","statusValue":"PASSED"},"type":"MESSAGE","name":"","message":"Browser is closed","startTime":1512830793125,"endTime":0,"childRecords":[],"interuppted":false}],"interuppted":false},{"testStatus":{"stackTrace":"","statusValue":"PASSED"},"type":"MESSAGE","name":"","message":"Test Cases/JavaScriptPopup/TC-HandlingJavaScriptAlertScriptMode","startTime":1512830793125,"endTime":0,"childRecords":[],"interuppted":false}],"interuppted":false},{"isOptional":false,"type":"TEST_CASE","name":"Test Cases/JavaScriptPopup/TC-HandlingJavaScriptConfirmation","id":"Test Cases/JavaScriptPopup/TC-HandlingJavaScriptConfirmation","source":"C:\\\\Users\\\\Rahul\\\\Desktop\\\\Katalon 5\\\\SeleniumAutomationTest Cases\\\\JavaScriptPopup\\\\TC-HandlingJavaScriptConfirmation.tc","message":"Test Cases/JavaScriptPopup/TC-HandlingJavaScriptConfirmation FAILED because (of) Unable to click on object \u0027Object Repository/W3School/ConfirmationPopup\u0027 (Root cause: org.openqa.selenium.WebDriverException: unknown error: Element \u003ca target\u003d\"_blank\" href\u003d\"tryit.asp?filename\u003dtryjs_confirm\" class\u003d\"w3-btn w3-margin-bottom\"\u003e...\u003c/a\u003e is not clickable at point (107, 19). Other element would receive the click: \u003ca class\u003d\"w3-bar-item w3-button\" href\u003d\"/html/default.asp\" title\u003d\"... Tutorial\"\u003eHTML\u003c/a\u003e\n  (Session info: headless chrome\u003d63.0.3239.84)\n  (Driver info: chromedriver\u003d2.33.506120 (e3e53437346286c0bc2d2dc9aa4915ba81d9023f),platform\u003dWindows NT 10.0.15063 x86_64) (WARNING: The server did not provide any stacktrace information)\nCommand duration or timeout: 0 milliseconds\nBuild info: version: \u00273.7.1\u0027, revision: \u00278a0099a\u0027, time: \u00272017-11-06T21:07:36.161Z\u0027\nSystem info: host: \u0027RAHUL-DELL-PC\u0027, ip: \u0027192.168.1.5\u0027, os.name: \u0027Windows 10\u0027, os.arch: \u0027amd64\u0027, os.version: \u002710.0\u0027, java.version: \u00271.8.0_102\u0027\nDriver info: com.kms.katalon.selenium.driver.CChromeDriver\nCapabilities {acceptSslCerts: true, applicationCacheEnabled: false, browserConnectionEnabled: false, browserName: chrome, chrome: {chromedriverVersion: 2.33.506120 (e3e53437346286..., userDataDir: C:\\Users\\Rahul\\AppData\\Loca...}, cssSelectorsEnabled: true, databaseEnabled: false, handlesAlerts: true, hasTouchScreen: false, javascriptEnabled: true, locationContextEnabled: true, mobileEmulationEnabled: false, nativeEvents: true, networkConnectionEnabled: false, pageLoadStrategy: normal, platform: XP, platformName: XP, rotatable: false, setWindowRect: true, takesHeapSnapshot: true, takesScreenshot: true, unexpectedAlertBehaviour: , unhandledPromptBehavior: , version: 63.0.3239.84, webStorageEnabled: true}\nSession ID: b4878f8b900793952f323d144d55d3ad)","description":"","startTime":1512830793186,"endTime":1512830799294,"childRecords":[{"testStatus":{"stackTrace":"","statusValue":"INFO"},"type":"MESSAGE","name":"","message":"Evaluating variables for test case","startTime":1512830793198,"endTime":0,"childRecords":[],"interuppted":false},{"index":1,"isIgnoredIfFailed":false,"type":"TEST_STEP","name":"openBrowser","message":"Browser is opened with url: \u0027https://www.w3schools.com/js/js_popup.asp\u0027","description":"","startTime":1512830793445,"endTime":1512830797841,"childRecords":[{"testStatus":{"stackTrace":"","statusValue":"PASSED"},"type":"MESSAGE","name":"","message":"Browser is opened with url: \u0027https://www.w3schools.com/js/js_popup.asp\u0027","startTime":1512830797841,"endTime":0,"childRecords":[],"interuppted":false}],"interuppted":false},{"index":2,"isIgnoredIfFailed":false,"type":"TEST_STEP","name":"waitForPageLoad","message":"Wait for page load successfully","description":"","startTime":1512830797841,"endTime":1512830797849,"childRecords":[{"testStatus":{"stackTrace":"","statusValue":"PASSED"},"type":"MESSAGE","name":"","message":"Wait for page load successfully","startTime":1512830797849,"endTime":0,"childRecords":[],"interuppted":false}],"interuppted":false},{"index":3,"isIgnoredIfFailed":false,"type":"TEST_STEP","name":"maximizeWindow","message":"Current window maximized","description":"","startTime":1512830797849,"endTime":1512830798959,"childRecords":[{"testStatus":{"stackTrace":"","statusValue":"PASSED"},"type":"MESSAGE","name":"","message":"Current window maximized","startTime":1512830798959,"endTime":0,"childRecords":[],"interuppted":false}],"interuppted":false},{"index":4,"isIgnoredIfFailed":false,"type":"TEST_STEP","name":"scrollToElement","message":"Scroll to object \u0027Object Repository/W3School/ConfirmationPopup\u0027 successfully","description":"","startTime":1512830798959,"endTime":1512830798991,"childRecords":[{"testStatus":{"stackTrace":"","statusValue":"PASSED"},"type":"MESSAGE","name":"","message":"Scroll to object \u0027Object Repository/W3School/ConfirmationPopup\u0027 successfully","startTime":1512830798991,"endTime":0,"childRecords":[],"interuppted":false}],"interuppted":false},{"attachment":"1512830799059.png","index":5,"isIgnoredIfFailed":false,"type":"TEST_STEP","name":"click","message":"Unable to click on object \u0027Object Repository/W3School/ConfirmationPopup\u0027 (Root cause: org.openqa.selenium.WebDriverException: unknown error: Element \u003ca target\u003d\"_blank\" href\u003d\"tryit.asp?filename\u003dtryjs_confirm\" class\u003d\"w3-btn w3-margin-bottom\"\u003e...\u003c/a\u003e is not clickable at point (107, 19). Other element would receive the click: \u003ca class\u003d\"w3-bar-item w3-button\" href\u003d\"/html/default.asp\" title\u003d\"... Tutorial\"\u003eHTML\u003c/a\u003e\n  (Session info: headless chrome\u003d63.0.3239.84)\n  (Driver info: chromedriver\u003d2.33.506120 (e3e53437346286c0bc2d2dc9aa4915ba81d9023f),platform\u003dWindows NT 10.0.15063 x86_64) (WARNING: The server did not provide any stacktrace information)\nCommand duration or timeout: 0 milliseconds\nBuild info: version: \u00273.7.1\u0027, revision: \u00278a0099a\u0027, time: \u00272017-11-06T21:07:36.161Z\u0027\nSystem info: host: \u0027RAHUL-DELL-PC\u0027, ip: \u0027192.168.1.5\u0027, os.name: \u0027Windows 10\u0027, os.arch: \u0027amd64\u0027, os.version: \u002710.0\u0027, java.version: \u00271.8.0_102\u0027\nDriver info: com.kms.katalon.selenium.driver.CChromeDriver\nCapabilities {acceptSslCerts: true, applicationCacheEnabled: false, browserConnectionEnabled: false, browserName: chrome, chrome: {chromedriverVersion: 2.33.506120 (e3e53437346286..., userDataDir: C:\\Users\\Rahul\\AppData\\Loca...}, cssSelectorsEnabled: true, databaseEnabled: false, handlesAlerts: true, hasTouchScreen: false, javascriptEnabled: true, locationContextEnabled: true, mobileEmulationEnabled: false, nativeEvents: true, networkConnectionEnabled: false, pageLoadStrategy: normal, platform: XP, platformName: XP, rotatable: false, setWindowRect: true, takesHeapSnapshot: true, takesScreenshot: true, unexpectedAlertBehaviour: , unhandledPromptBehavior: , version: 63.0.3239.84, webStorageEnabled: true}\nSession ID: b4878f8b900793952f323d144d55d3ad)","description":"","startTime":1512830798991,"endTime":1512830799292,"childRecords":[{"testStatus":{"stackTrace":"","statusValue":"FAILED"},"attachment":"1512830799059.png","type":"MESSAGE","name":"","message":"Unable to click on object \u0027Object Repository/W3School/ConfirmationPopup\u0027 (Root cause: org.openqa.selenium.WebDriverException: unknown error: Element \u003ca target\u003d\"_blank\" href\u003d\"tryit.asp?filename\u003dtryjs_confirm\" class\u003d\"w3-btn w3-margin-bottom\"\u003e...\u003c/a\u003e is not clickable at point (107, 19). Other element would receive the click: \u003ca class\u003d\"w3-bar-item w3-button\" href\u003d\"/html/default.asp\" title\u003d\"... Tutorial\"\u003eHTML\u003c/a\u003e\n  (Session info: headless chrome\u003d63.0.3239.84)\n  (Driver info: chromedriver\u003d2.33.506120 (e3e53437346286c0bc2d2dc9aa4915ba81d9023f),platform\u003dWindows NT 10.0.15063 x86_64) (WARNING: The server did not provide any stacktrace information)\nCommand duration or timeout: 0 milliseconds\nBuild info: version: \u00273.7.1\u0027, revision: \u00278a0099a\u0027, time: \u00272017-11-06T21:07:36.161Z\u0027\nSystem info: host: \u0027RAHUL-DELL-PC\u0027, ip: \u0027192.168.1.5\u0027, os.name: \u0027Windows 10\u0027, os.arch: \u0027amd64\u0027, os.version: \u002710.0\u0027, java.version: \u00271.8.0_102\u0027\nDriver info: com.kms.katalon.selenium.driver.CChromeDriver\nCapabilities {acceptSslCerts: true, applicationCacheEnabled: false, browserConnectionEnabled: false, browserName: chrome, chrome: {chromedriverVersion: 2.33.506120 (e3e53437346286..., userDataDir: C:\\Users\\Rahul\\AppData\\Loca...}, cssSelectorsEnabled: true, databaseEnabled: false, handlesAlerts: true, hasTouchScreen: false, javascriptEnabled: true, locationContextEnabled: true, mobileEmulationEnabled: false, nativeEvents: true, networkConnectionEnabled: false, pageLoadStrategy: normal, platform: XP, platformName: XP, rotatable: false, setWindowRect: true, takesHeapSnapshot: true, takesScreenshot: true, unexpectedAlertBehaviour: , unhandledPromptBehavior: , version: 63.0.3239.84, webStorageEnabled: true}\nSession ID: b4878f8b900793952f323d144d55d3ad)","startTime":1512830799288,"endTime":0,"childRecords":[],"interuppted":false}],"interuppted":false},{"testStatus":{"stackTrace":"","statusValue":"FAILED"},"type":"MESSAGE","name":"","message":"Test Cases/JavaScriptPopup/TC-HandlingJavaScriptConfirmation FAILED because (of) Unable to click on object \u0027Object Repository/W3School/ConfirmationPopup\u0027 (Root cause: org.openqa.selenium.WebDriverException: unknown error: Element \u003ca target\u003d\"_blank\" href\u003d\"tryit.asp?filename\u003dtryjs_confirm\" class\u003d\"w3-btn w3-margin-bottom\"\u003e...\u003c/a\u003e is not clickable at point (107, 19). Other element would receive the click: \u003ca class\u003d\"w3-bar-item w3-button\" href\u003d\"/html/default.asp\" title\u003d\"... Tutorial\"\u003eHTML\u003c/a\u003e\n  (Session info: headless chrome\u003d63.0.3239.84)\n  (Driver info: chromedriver\u003d2.33.506120 (e3e53437346286c0bc2d2dc9aa4915ba81d9023f),platform\u003dWindows NT 10.0.15063 x86_64) (WARNING: The server did not provide any stacktrace information)\nCommand duration or timeout: 0 milliseconds\nBuild info: version: \u00273.7.1\u0027, revision: \u00278a0099a\u0027, time: \u00272017-11-06T21:07:36.161Z\u0027\nSystem info: host: \u0027RAHUL-DELL-PC\u0027, ip: \u0027192.168.1.5\u0027, os.name: \u0027Windows 10\u0027, os.arch: \u0027amd64\u0027, os.version: \u002710.0\u0027, java.version: \u00271.8.0_102\u0027\nDriver info: com.kms.katalon.selenium.driver.CChromeDriver\nCapabilities {acceptSslCerts: true, applicationCacheEnabled: false, browserConnectionEnabled: false, browserName: chrome, chrome: {chromedriverVersion: 2.33.506120 (e3e53437346286..., userDataDir: C:\\Users\\Rahul\\AppData\\Loca...}, cssSelectorsEnabled: true, databaseEnabled: false, handlesAlerts: true, hasTouchScreen: false, javascriptEnabled: true, locationContextEnabled: true, mobileEmulationEnabled: false, nativeEvents: true, networkConnectionEnabled: false, pageLoadStrategy: normal, platform: XP, platformName: XP, rotatable: false, setWindowRect: true, takesHeapSnapshot: true, takesScreenshot: true, unexpectedAlertBehaviour: , unhandledPromptBehavior: , version: 63.0.3239.84, webStorageEnabled: true}\nSession ID: b4878f8b900793952f323d144d55d3ad)","startTime":1512830799292,"endTime":0,"childRecords":[],"interuppted":false}],"interuppted":false}],"interuppted":false}