<?xml version="1.0" encoding="UTF-8"?>
<testsuites name="JavaScriptTestSuite" time="26" tests="1" failures="2" errors="0">
   <testsuite name="JavaScriptTestSuite" tests="1" failures="2" errors="0" time="26" timestamp="2017-12-09 20:16:12" hostname="Rahul - Rahul-Dell-PC" id="Test Suites/JavaScriptTestSuite">
      <properties>
         <property name="deviceName" value=""/>
         <property name="devicePlatform" value=""/>
         <property name="logFolder" value="C:\\Users\\Rahul\\Desktop\\Katalon 5\\SeleniumAutomation\\Reports\\JavaScriptTestSuite\\20171209_201610"/>
         <property name="logFiles" value="C:\\Users\\Rahul\\Desktop\\Katalon 5\\SeleniumAutomation\\Reports\\JavaScriptTestSuite\\20171209_201610\\execution0.log"/>
         <property name="attachments" value="C:\\Users\\Rahul\\Desktop\\Katalon 5\\SeleniumAutomation\\Reports\\JavaScriptTestSuite\\20171209_201610\\1512830782436.png, C:\\Users\\Rahul\\Desktop\\Katalon 5\\SeleniumAutomation\\Reports\\JavaScriptTestSuite\\20171209_201610\\1512830799059.png"/>
         <property name="hostName" value="Rahul - Rahul-Dell-PC"/>
         <property name="os" value="Windows 10 64bit"/>
         <property name="katalonVersion" value="5.2.0.1"/>
         <property name="browser" value="Chrome 63.0.3239.84"/>
         <property name="hostAddress" value="192.168.1.5"/>
         <property name="sessionId" value="b4878f8b900793952f323d144d55d3ad"/>
         <property name="seleniumVersion" value="3.7.1"/>
         <property name="proxyInformation" value="ProxyInformation{proxyOption=NO_PROXY, proxyServerType=HTTP, password=, proxyServerAddress=, proxyServerPort=0}"/>
         <property name="platform" value="Windows 10"/>
      </properties>
      <testcase name="Test Cases/JavaScriptPopup/TC-HandlingConfirmationPopupScriptMode" classname="Test Cases/JavaScriptPopup/TC-HandlingConfirmationPopupScriptMode" status="FAILED">
         <failure type="FAILED" message="Unable to click on object 'Object Repository/W3School/ConfirmationPopup' (Root cause: org.openqa.selenium.WebDriverException: unknown error: Element &lt;a target=&quot;_blank&quot; href=&quot;tryit.asp?filename=tryjs_confirm&quot; class=&quot;w3-btn w3-margin-bottom&quot;>...&lt;/a> is not clickable at point (107, 19). Other element would receive the click: &lt;a class=&quot;w3-bar-item w3-button&quot; href=&quot;/html/default.asp&quot; title=&quot;... Tutorial&quot;>HTML&lt;/a>
  (Session info: headless chrome=63.0.3239.84)
  (Driver info: chromedriver=2.33.506120 (e3e53437346286c0bc2d2dc9aa4915ba81d9023f),platform=Windows NT 10.0.15063 x86_64) (WARNING: The server did not provide any stacktrace information)
Command duration or timeout: 0 milliseconds
Build info: version: '3.7.1', revision: '8a0099a', time: '2017-11-06T21:07:36.161Z'
System info: host: 'RAHUL-DELL-PC', ip: '192.168.1.5', os.name: 'Windows 10', os.arch: 'amd64', os.version: '10.0', java.version: '1.8.0_102'
Driver info: com.kms.katalon.selenium.driver.CChromeDriver
Capabilities {acceptSslCerts: true, applicationCacheEnabled: false, browserConnectionEnabled: false, browserName: chrome, chrome: {chromedriverVersion: 2.33.506120 (e3e53437346286..., userDataDir: C:\Users\Rahul\AppData\Loca...}, cssSelectorsEnabled: true, databaseEnabled: false, handlesAlerts: true, hasTouchScreen: false, javascriptEnabled: true, locationContextEnabled: true, mobileEmulationEnabled: false, nativeEvents: true, networkConnectionEnabled: false, pageLoadStrategy: normal, platform: XP, platformName: XP, rotatable: false, setWindowRect: true, takesHeapSnapshot: true, takesScreenshot: true, unexpectedAlertBehaviour: , unhandledPromptBehavior: , version: 63.0.3239.84, webStorageEnabled: true}
Session ID: ecaf6d2157e525ce78f803c52f8a810a)"/>
         <system-out><![CDATA[2017-12-09 20:16:13 - [TEST_CASE][FAILED] - Test Cases/JavaScriptPopup/TC-HandlingConfirmationPopupScriptMode: Test Cases/JavaScriptPopup/TC-HandlingConfirmationPopupScriptMode FAILED because (of) Unable to click on object 'Object Repository/W3School/ConfirmationPopup' (Root cause: org.openqa.selenium.WebDriverException: unknown error: Element <a target="_blank" href="tryit.asp?filename=tryjs_confirm" class="w3-btn w3-margin-bottom">...</a> is not clickable at point (107, 19). Other element would receive the click: <a class="w3-bar-item w3-button" href="/html/default.asp" title="... Tutorial">HTML</a>
  (Session info: headless chrome=63.0.3239.84)
  (Driver info: chromedriver=2.33.506120 (e3e53437346286c0bc2d2dc9aa4915ba81d9023f),platform=Windows NT 10.0.15063 x86_64) (WARNING: The server did not provide any stacktrace information)
Command duration or timeout: 0 milliseconds
Build info: version: '3.7.1', revision: '8a0099a', time: '2017-11-06T21:07:36.161Z'
System info: host: 'RAHUL-DELL-PC', ip: '192.168.1.5', os.name: 'Windows 10', os.arch: 'amd64', os.version: '10.0', java.version: '1.8.0_102'
Driver info: com.kms.katalon.selenium.driver.CChromeDriver
Capabilities {acceptSslCerts: true, applicationCacheEnabled: false, browserConnectionEnabled: false, browserName: chrome, chrome: {chromedriverVersion: 2.33.506120 (e3e53437346286..., userDataDir: C:\Users\Rahul\AppData\Loca...}, cssSelectorsEnabled: true, databaseEnabled: false, handlesAlerts: true, hasTouchScreen: false, javascriptEnabled: true, locationContextEnabled: true, mobileEmulationEnabled: false, nativeEvents: true, networkConnectionEnabled: false, pageLoadStrategy: normal, platform: XP, platformName: XP, rotatable: false, setWindowRect: true, takesHeapSnapshot: true, takesScreenshot: true, unexpectedAlertBehaviour: , unhandledPromptBehavior: , version: 63.0.3239.84, webStorageEnabled: true}
Session ID: ecaf6d2157e525ce78f803c52f8a810a)

2017-12-09 20:16:14 - [TEST_STEP][PASSED] - openBrowser: Browser is opened with url: 'https://www.w3schools.com/js/js_popup.asp'

2017-12-09 20:16:20 - [MESSAGE][PASSED] - Browser is opened with url: 'https://www.w3schools.com/js/js_popup.asp'

2017-12-09 20:16:20 - [TEST_STEP][PASSED] - waitForPageLoad: Wait for page load successfully

2017-12-09 20:16:21 - [MESSAGE][PASSED] - Wait for page load successfully

2017-12-09 20:16:21 - [TEST_STEP][PASSED] - maximizeWindow: Current window maximized

2017-12-09 20:16:22 - [MESSAGE][PASSED] - Current window maximized

2017-12-09 20:16:22 - [TEST_STEP][PASSED] - scrollToElement: Scroll to object 'Object Repository/W3School/ConfirmationPopup' successfully

2017-12-09 20:16:22 - [MESSAGE][PASSED] - Scroll to object 'Object Repository/W3School/ConfirmationPopup' successfully

2017-12-09 20:16:22 - [TEST_STEP][FAILED] - click: Unable to click on object 'Object Repository/W3School/ConfirmationPopup' (Root cause: org.openqa.selenium.WebDriverException: unknown error: Element <a target="_blank" href="tryit.asp?filename=tryjs_confirm" class="w3-btn w3-margin-bottom">...</a> is not clickable at point (107, 19). Other element would receive the click: <a class="w3-bar-item w3-button" href="/html/default.asp" title="... Tutorial">HTML</a>
  (Session info: headless chrome=63.0.3239.84)
  (Driver info: chromedriver=2.33.506120 (e3e53437346286c0bc2d2dc9aa4915ba81d9023f),platform=Windows NT 10.0.15063 x86_64) (WARNING: The server did not provide any stacktrace information)
Command duration or timeout: 0 milliseconds
Build info: version: '3.7.1', revision: '8a0099a', time: '2017-11-06T21:07:36.161Z'
System info: host: 'RAHUL-DELL-PC', ip: '192.168.1.5', os.name: 'Windows 10', os.arch: 'amd64', os.version: '10.0', java.version: '1.8.0_102'
Driver info: com.kms.katalon.selenium.driver.CChromeDriver
Capabilities {acceptSslCerts: true, applicationCacheEnabled: false, browserConnectionEnabled: false, browserName: chrome, chrome: {chromedriverVersion: 2.33.506120 (e3e53437346286..., userDataDir: C:\Users\Rahul\AppData\Loca...}, cssSelectorsEnabled: true, databaseEnabled: false, handlesAlerts: true, hasTouchScreen: false, javascriptEnabled: true, locationContextEnabled: true, mobileEmulationEnabled: false, nativeEvents: true, networkConnectionEnabled: false, pageLoadStrategy: normal, platform: XP, platformName: XP, rotatable: false, setWindowRect: true, takesHeapSnapshot: true, takesScreenshot: true, unexpectedAlertBehaviour: , unhandledPromptBehavior: , version: 63.0.3239.84, webStorageEnabled: true}
Session ID: ecaf6d2157e525ce78f803c52f8a810a)

2017-12-09 20:16:22 - [MESSAGE][FAILED] - Unable to click on object 'Object Repository/W3School/ConfirmationPopup' (Root cause: org.openqa.selenium.WebDriverException: unknown error: Element <a target="_blank" href="tryit.asp?filename=tryjs_confirm" class="w3-btn w3-margin-bottom">...</a> is not clickable at point (107, 19). Other element would receive the click: <a class="w3-bar-item w3-button" href="/html/default.asp" title="... Tutorial">HTML</a>
  (Session info: headless chrome=63.0.3239.84)
  (Driver info: chromedriver=2.33.506120 (e3e53437346286c0bc2d2dc9aa4915ba81d9023f),platform=Windows NT 10.0.15063 x86_64) (WARNING: The server did not provide any stacktrace information)
Command duration or timeout: 0 milliseconds
Build info: version: '3.7.1', revision: '8a0099a', time: '2017-11-06T21:07:36.161Z'
System info: host: 'RAHUL-DELL-PC', ip: '192.168.1.5', os.name: 'Windows 10', os.arch: 'amd64', os.version: '10.0', java.version: '1.8.0_102'
Driver info: com.kms.katalon.selenium.driver.CChromeDriver
Capabilities {acceptSslCerts: true, applicationCacheEnabled: false, browserConnectionEnabled: false, browserName: chrome, chrome: {chromedriverVersion: 2.33.506120 (e3e53437346286..., userDataDir: C:\Users\Rahul\AppData\Loca...}, cssSelectorsEnabled: true, databaseEnabled: false, handlesAlerts: true, hasTouchScreen: false, javascriptEnabled: true, locationContextEnabled: true, mobileEmulationEnabled: false, nativeEvents: true, networkConnectionEnabled: false, pageLoadStrategy: normal, platform: XP, platformName: XP, rotatable: false, setWindowRect: true, takesHeapSnapshot: true, takesScreenshot: true, unexpectedAlertBehaviour: , unhandledPromptBehavior: , version: 63.0.3239.84, webStorageEnabled: true}
Session ID: ecaf6d2157e525ce78f803c52f8a810a)
[[ATTACHMENT|C:\\Users\\Rahul\\Desktop\\Katalon 5\\SeleniumAutomation\\Reports\\JavaScriptTestSuite\\20171209_201610\\1512830782436.png]]]]></system-out>
         <system-err><![CDATA[2017-12-09 20:16:13 - [TEST_CASE][FAILED] - Test Cases/JavaScriptPopup/TC-HandlingConfirmationPopupScriptMode: Test Cases/JavaScriptPopup/TC-HandlingConfirmationPopupScriptMode FAILED because (of) Unable to click on object 'Object Repository/W3School/ConfirmationPopup' (Root cause: org.openqa.selenium.WebDriverException: unknown error: Element <a target="_blank" href="tryit.asp?filename=tryjs_confirm" class="w3-btn w3-margin-bottom">...</a> is not clickable at point (107, 19). Other element would receive the click: <a class="w3-bar-item w3-button" href="/html/default.asp" title="... Tutorial">HTML</a>
  (Session info: headless chrome=63.0.3239.84)
  (Driver info: chromedriver=2.33.506120 (e3e53437346286c0bc2d2dc9aa4915ba81d9023f),platform=Windows NT 10.0.15063 x86_64) (WARNING: The server did not provide any stacktrace information)
Command duration or timeout: 0 milliseconds
Build info: version: '3.7.1', revision: '8a0099a', time: '2017-11-06T21:07:36.161Z'
System info: host: 'RAHUL-DELL-PC', ip: '192.168.1.5', os.name: 'Windows 10', os.arch: 'amd64', os.version: '10.0', java.version: '1.8.0_102'
Driver info: com.kms.katalon.selenium.driver.CChromeDriver
Capabilities {acceptSslCerts: true, applicationCacheEnabled: false, browserConnectionEnabled: false, browserName: chrome, chrome: {chromedriverVersion: 2.33.506120 (e3e53437346286..., userDataDir: C:\Users\Rahul\AppData\Loca...}, cssSelectorsEnabled: true, databaseEnabled: false, handlesAlerts: true, hasTouchScreen: false, javascriptEnabled: true, locationContextEnabled: true, mobileEmulationEnabled: false, nativeEvents: true, networkConnectionEnabled: false, pageLoadStrategy: normal, platform: XP, platformName: XP, rotatable: false, setWindowRect: true, takesHeapSnapshot: true, takesScreenshot: true, unexpectedAlertBehaviour: , unhandledPromptBehavior: , version: 63.0.3239.84, webStorageEnabled: true}
Session ID: ecaf6d2157e525ce78f803c52f8a810a)]]></system-err>
      </testcase>
      <testcase name="Test Cases/JavaScriptPopup/TC-HandlingJavaScriptAlertScriptMode" classname="Test Cases/JavaScriptPopup/TC-HandlingJavaScriptAlertScriptMode" status="PASSED">
         <system-out><![CDATA[2017-12-09 20:16:22 - [TEST_CASE][PASSED] - Test Cases/JavaScriptPopup/TC-HandlingJavaScriptAlertScriptMode: Test Cases/JavaScriptPopup/TC-HandlingJavaScriptAlertScriptMode

2017-12-09 20:16:23 - [TEST_STEP][PASSED] - openBrowser: Browser is opened with url: 'https://www.w3schools.com/js/js_popup.asp'

2017-12-09 20:16:23 - [MESSAGE][WARNING] - A browser is already opened. Closing browser and opening a new one

2017-12-09 20:16:27 - [MESSAGE][PASSED] - Browser is opened with url: 'https://www.w3schools.com/js/js_popup.asp'

2017-12-09 20:16:27 - [TEST_STEP][PASSED] - waitForPageLoad: Wait for page load successfully

2017-12-09 20:16:27 - [MESSAGE][PASSED] - Wait for page load successfully

2017-12-09 20:16:27 - [TEST_STEP][PASSED] - maximizeWindow: Current window maximized

2017-12-09 20:16:28 - [MESSAGE][PASSED] - Current window maximized

2017-12-09 20:16:28 - [TEST_STEP][PASSED] - click: Object: 'Object Repository/W3School/TryItBtn' is clicked on

2017-12-09 20:16:29 - [MESSAGE][PASSED] - Object: 'Object Repository/W3School/TryItBtn' is clicked on

2017-12-09 20:16:29 - [TEST_STEP][PASSED] - delay: Delayed 2 second(s)

2017-12-09 20:16:31 - [MESSAGE][PASSED] - Delayed 2 second(s)

2017-12-09 20:16:31 - [TEST_STEP][PASSED] - switchToWindowIndex: Switched to window with index: '1'

2017-12-09 20:16:31 - [MESSAGE][PASSED] - Switched to window with index: '1'

2017-12-09 20:16:31 - [TEST_STEP][PASSED] - switchToFrame: Switched to iframe: 'Object Repository/W3School/TryItButtonFrame'

2017-12-09 20:16:32 - [TEST_STEP][PASSED] - click: Object: 'Object Repository/W3School/TryButton' is clicked on

2017-12-09 20:16:32 - [MESSAGE][PASSED] - Object: 'Object Repository/W3School/TryButton' is clicked on

2017-12-09 20:16:32 - [TEST_STEP][PASSED] - waitForAlert: Alert is present after 40 second(s).

2017-12-09 20:16:32 - [MESSAGE][PASSED] - Alert is present after 40 second(s).

2017-12-09 20:16:32 - [TEST_STEP][PASSED] - acceptAlert: Alert accepted

2017-12-09 20:16:32 - [MESSAGE][PASSED] - Alert accepted

2017-12-09 20:16:32 - [TEST_STEP][PASSED] - switchToDefaultContent: Switching to default content

2017-12-09 20:16:32 - [TEST_STEP][PASSED] - closeWindowIndex: Window with index 1 is closed

2017-12-09 20:16:32 - [MESSAGE][PASSED] - Window with index 1 is closed

2017-12-09 20:16:32 - [TEST_STEP][PASSED] - switchToWindowIndex: Switched to window with index: '0'

2017-12-09 20:16:32 - [MESSAGE][PASSED] - Switched to window with index: '0'

2017-12-09 20:16:32 - [TEST_STEP][PASSED] - closeBrowser: Browser is closed

2017-12-09 20:16:33 - [MESSAGE][PASSED] - Browser is closed]]></system-out>
         <system-err><![CDATA[]]></system-err>
      </testcase>
      <testcase name="Test Cases/JavaScriptPopup/TC-HandlingJavaScriptConfirmation" classname="Test Cases/JavaScriptPopup/TC-HandlingJavaScriptConfirmation" status="FAILED">
         <failure type="FAILED" message="Unable to click on object 'Object Repository/W3School/ConfirmationPopup' (Root cause: org.openqa.selenium.WebDriverException: unknown error: Element &lt;a target=&quot;_blank&quot; href=&quot;tryit.asp?filename=tryjs_confirm&quot; class=&quot;w3-btn w3-margin-bottom&quot;>...&lt;/a> is not clickable at point (107, 19). Other element would receive the click: &lt;a class=&quot;w3-bar-item w3-button&quot; href=&quot;/html/default.asp&quot; title=&quot;... Tutorial&quot;>HTML&lt;/a>
  (Session info: headless chrome=63.0.3239.84)
  (Driver info: chromedriver=2.33.506120 (e3e53437346286c0bc2d2dc9aa4915ba81d9023f),platform=Windows NT 10.0.15063 x86_64) (WARNING: The server did not provide any stacktrace information)
Command duration or timeout: 0 milliseconds
Build info: version: '3.7.1', revision: '8a0099a', time: '2017-11-06T21:07:36.161Z'
System info: host: 'RAHUL-DELL-PC', ip: '192.168.1.5', os.name: 'Windows 10', os.arch: 'amd64', os.version: '10.0', java.version: '1.8.0_102'
Driver info: com.kms.katalon.selenium.driver.CChromeDriver
Capabilities {acceptSslCerts: true, applicationCacheEnabled: false, browserConnectionEnabled: false, browserName: chrome, chrome: {chromedriverVersion: 2.33.506120 (e3e53437346286..., userDataDir: C:\Users\Rahul\AppData\Loca...}, cssSelectorsEnabled: true, databaseEnabled: false, handlesAlerts: true, hasTouchScreen: false, javascriptEnabled: true, locationContextEnabled: true, mobileEmulationEnabled: false, nativeEvents: true, networkConnectionEnabled: false, pageLoadStrategy: normal, platform: XP, platformName: XP, rotatable: false, setWindowRect: true, takesHeapSnapshot: true, takesScreenshot: true, unexpectedAlertBehaviour: , unhandledPromptBehavior: , version: 63.0.3239.84, webStorageEnabled: true}
Session ID: b4878f8b900793952f323d144d55d3ad)"/>
         <system-out><![CDATA[2017-12-09 20:16:33 - [TEST_CASE][FAILED] - Test Cases/JavaScriptPopup/TC-HandlingJavaScriptConfirmation: Test Cases/JavaScriptPopup/TC-HandlingJavaScriptConfirmation FAILED because (of) Unable to click on object 'Object Repository/W3School/ConfirmationPopup' (Root cause: org.openqa.selenium.WebDriverException: unknown error: Element <a target="_blank" href="tryit.asp?filename=tryjs_confirm" class="w3-btn w3-margin-bottom">...</a> is not clickable at point (107, 19). Other element would receive the click: <a class="w3-bar-item w3-button" href="/html/default.asp" title="... Tutorial">HTML</a>
  (Session info: headless chrome=63.0.3239.84)
  (Driver info: chromedriver=2.33.506120 (e3e53437346286c0bc2d2dc9aa4915ba81d9023f),platform=Windows NT 10.0.15063 x86_64) (WARNING: The server did not provide any stacktrace information)
Command duration or timeout: 0 milliseconds
Build info: version: '3.7.1', revision: '8a0099a', time: '2017-11-06T21:07:36.161Z'
System info: host: 'RAHUL-DELL-PC', ip: '192.168.1.5', os.name: 'Windows 10', os.arch: 'amd64', os.version: '10.0', java.version: '1.8.0_102'
Driver info: com.kms.katalon.selenium.driver.CChromeDriver
Capabilities {acceptSslCerts: true, applicationCacheEnabled: false, browserConnectionEnabled: false, browserName: chrome, chrome: {chromedriverVersion: 2.33.506120 (e3e53437346286..., userDataDir: C:\Users\Rahul\AppData\Loca...}, cssSelectorsEnabled: true, databaseEnabled: false, handlesAlerts: true, hasTouchScreen: false, javascriptEnabled: true, locationContextEnabled: true, mobileEmulationEnabled: false, nativeEvents: true, networkConnectionEnabled: false, pageLoadStrategy: normal, platform: XP, platformName: XP, rotatable: false, setWindowRect: true, takesHeapSnapshot: true, takesScreenshot: true, unexpectedAlertBehaviour: , unhandledPromptBehavior: , version: 63.0.3239.84, webStorageEnabled: true}
Session ID: b4878f8b900793952f323d144d55d3ad)

2017-12-09 20:16:33 - [TEST_STEP][PASSED] - openBrowser: Browser is opened with url: 'https://www.w3schools.com/js/js_popup.asp'

2017-12-09 20:16:37 - [MESSAGE][PASSED] - Browser is opened with url: 'https://www.w3schools.com/js/js_popup.asp'

2017-12-09 20:16:37 - [TEST_STEP][PASSED] - waitForPageLoad: Wait for page load successfully

2017-12-09 20:16:37 - [MESSAGE][PASSED] - Wait for page load successfully

2017-12-09 20:16:37 - [TEST_STEP][PASSED] - maximizeWindow: Current window maximized

2017-12-09 20:16:38 - [MESSAGE][PASSED] - Current window maximized

2017-12-09 20:16:38 - [TEST_STEP][PASSED] - scrollToElement: Scroll to object 'Object Repository/W3School/ConfirmationPopup' successfully

2017-12-09 20:16:38 - [MESSAGE][PASSED] - Scroll to object 'Object Repository/W3School/ConfirmationPopup' successfully

2017-12-09 20:16:38 - [TEST_STEP][FAILED] - click: Unable to click on object 'Object Repository/W3School/ConfirmationPopup' (Root cause: org.openqa.selenium.WebDriverException: unknown error: Element <a target="_blank" href="tryit.asp?filename=tryjs_confirm" class="w3-btn w3-margin-bottom">...</a> is not clickable at point (107, 19). Other element would receive the click: <a class="w3-bar-item w3-button" href="/html/default.asp" title="... Tutorial">HTML</a>
  (Session info: headless chrome=63.0.3239.84)
  (Driver info: chromedriver=2.33.506120 (e3e53437346286c0bc2d2dc9aa4915ba81d9023f),platform=Windows NT 10.0.15063 x86_64) (WARNING: The server did not provide any stacktrace information)
Command duration or timeout: 0 milliseconds
Build info: version: '3.7.1', revision: '8a0099a', time: '2017-11-06T21:07:36.161Z'
System info: host: 'RAHUL-DELL-PC', ip: '192.168.1.5', os.name: 'Windows 10', os.arch: 'amd64', os.version: '10.0', java.version: '1.8.0_102'
Driver info: com.kms.katalon.selenium.driver.CChromeDriver
Capabilities {acceptSslCerts: true, applicationCacheEnabled: false, browserConnectionEnabled: false, browserName: chrome, chrome: {chromedriverVersion: 2.33.506120 (e3e53437346286..., userDataDir: C:\Users\Rahul\AppData\Loca...}, cssSelectorsEnabled: true, databaseEnabled: false, handlesAlerts: true, hasTouchScreen: false, javascriptEnabled: true, locationContextEnabled: true, mobileEmulationEnabled: false, nativeEvents: true, networkConnectionEnabled: false, pageLoadStrategy: normal, platform: XP, platformName: XP, rotatable: false, setWindowRect: true, takesHeapSnapshot: true, takesScreenshot: true, unexpectedAlertBehaviour: , unhandledPromptBehavior: , version: 63.0.3239.84, webStorageEnabled: true}
Session ID: b4878f8b900793952f323d144d55d3ad)

2017-12-09 20:16:39 - [MESSAGE][FAILED] - Unable to click on object 'Object Repository/W3School/ConfirmationPopup' (Root cause: org.openqa.selenium.WebDriverException: unknown error: Element <a target="_blank" href="tryit.asp?filename=tryjs_confirm" class="w3-btn w3-margin-bottom">...</a> is not clickable at point (107, 19). Other element would receive the click: <a class="w3-bar-item w3-button" href="/html/default.asp" title="... Tutorial">HTML</a>
  (Session info: headless chrome=63.0.3239.84)
  (Driver info: chromedriver=2.33.506120 (e3e53437346286c0bc2d2dc9aa4915ba81d9023f),platform=Windows NT 10.0.15063 x86_64) (WARNING: The server did not provide any stacktrace information)
Command duration or timeout: 0 milliseconds
Build info: version: '3.7.1', revision: '8a0099a', time: '2017-11-06T21:07:36.161Z'
System info: host: 'RAHUL-DELL-PC', ip: '192.168.1.5', os.name: 'Windows 10', os.arch: 'amd64', os.version: '10.0', java.version: '1.8.0_102'
Driver info: com.kms.katalon.selenium.driver.CChromeDriver
Capabilities {acceptSslCerts: true, applicationCacheEnabled: false, browserConnectionEnabled: false, browserName: chrome, chrome: {chromedriverVersion: 2.33.506120 (e3e53437346286..., userDataDir: C:\Users\Rahul\AppData\Loca...}, cssSelectorsEnabled: true, databaseEnabled: false, handlesAlerts: true, hasTouchScreen: false, javascriptEnabled: true, locationContextEnabled: true, mobileEmulationEnabled: false, nativeEvents: true, networkConnectionEnabled: false, pageLoadStrategy: normal, platform: XP, platformName: XP, rotatable: false, setWindowRect: true, takesHeapSnapshot: true, takesScreenshot: true, unexpectedAlertBehaviour: , unhandledPromptBehavior: , version: 63.0.3239.84, webStorageEnabled: true}
Session ID: b4878f8b900793952f323d144d55d3ad)
[[ATTACHMENT|C:\\Users\\Rahul\\Desktop\\Katalon 5\\SeleniumAutomation\\Reports\\JavaScriptTestSuite\\20171209_201610\\1512830799059.png]]]]></system-out>
         <system-err><![CDATA[2017-12-09 20:16:33 - [TEST_CASE][FAILED] - Test Cases/JavaScriptPopup/TC-HandlingJavaScriptConfirmation: Test Cases/JavaScriptPopup/TC-HandlingJavaScriptConfirmation FAILED because (of) Unable to click on object 'Object Repository/W3School/ConfirmationPopup' (Root cause: org.openqa.selenium.WebDriverException: unknown error: Element <a target="_blank" href="tryit.asp?filename=tryjs_confirm" class="w3-btn w3-margin-bottom">...</a> is not clickable at point (107, 19). Other element would receive the click: <a class="w3-bar-item w3-button" href="/html/default.asp" title="... Tutorial">HTML</a>
  (Session info: headless chrome=63.0.3239.84)
  (Driver info: chromedriver=2.33.506120 (e3e53437346286c0bc2d2dc9aa4915ba81d9023f),platform=Windows NT 10.0.15063 x86_64) (WARNING: The server did not provide any stacktrace information)
Command duration or timeout: 0 milliseconds
Build info: version: '3.7.1', revision: '8a0099a', time: '2017-11-06T21:07:36.161Z'
System info: host: 'RAHUL-DELL-PC', ip: '192.168.1.5', os.name: 'Windows 10', os.arch: 'amd64', os.version: '10.0', java.version: '1.8.0_102'
Driver info: com.kms.katalon.selenium.driver.CChromeDriver
Capabilities {acceptSslCerts: true, applicationCacheEnabled: false, browserConnectionEnabled: false, browserName: chrome, chrome: {chromedriverVersion: 2.33.506120 (e3e53437346286..., userDataDir: C:\Users\Rahul\AppData\Loca...}, cssSelectorsEnabled: true, databaseEnabled: false, handlesAlerts: true, hasTouchScreen: false, javascriptEnabled: true, locationContextEnabled: true, mobileEmulationEnabled: false, nativeEvents: true, networkConnectionEnabled: false, pageLoadStrategy: normal, platform: XP, platformName: XP, rotatable: false, setWindowRect: true, takesHeapSnapshot: true, takesScreenshot: true, unexpectedAlertBehaviour: , unhandledPromptBehavior: , version: 63.0.3239.84, webStorageEnabled: true}
Session ID: b4878f8b900793952f323d144d55d3ad)]]></system-err>
      </testcase>
      <system-out><![CDATA[2017-12-09 20:16:12 - [TEST_SUITE][FAILED] - JavaScriptTestSuite: Test Cases/JavaScriptPopup/TC-HandlingConfirmationPopupScriptMode FAILED because (of) Unable to click on object 'Object Repository/W3School/ConfirmationPopup' (Root cause: org.openqa.selenium.WebDriverException: unknown error: Element <a target="_blank" href="tryit.asp?filename=tryjs_confirm" class="w3-btn w3-margin-bottom">...</a> is not clickable at point (107, 19). Other element would receive the click: <a class="w3-bar-item w3-button" href="/html/default.asp" title="... Tutorial">HTML</a>
  (Session info: headless chrome=63.0.3239.84)
  (Driver info: chromedriver=2.33.506120 (e3e53437346286c0bc2d2dc9aa4915ba81d9023f),platform=Windows NT 10.0.15063 x86_64) (WARNING: The server did not provide any stacktrace information)
Command duration or timeout: 0 milliseconds
Build info: version: '3.7.1', revision: '8a0099a', time: '2017-11-06T21:07:36.161Z'
System info: host: 'RAHUL-DELL-PC', ip: '192.168.1.5', os.name: 'Windows 10', os.arch: 'amd64', os.version: '10.0', java.version: '1.8.0_102'
Driver info: com.kms.katalon.selenium.driver.CChromeDriver
Capabilities {acceptSslCerts: true, applicationCacheEnabled: false, browserConnectionEnabled: false, browserName: chrome, chrome: {chromedriverVersion: 2.33.506120 (e3e53437346286..., userDataDir: C:\Users\Rahul\AppData\Loca...}, cssSelectorsEnabled: true, databaseEnabled: false, handlesAlerts: true, hasTouchScreen: false, javascriptEnabled: true, locationContextEnabled: true, mobileEmulationEnabled: false, nativeEvents: true, networkConnectionEnabled: false, pageLoadStrategy: normal, platform: XP, platformName: XP, rotatable: false, setWindowRect: true, takesHeapSnapshot: true, takesScreenshot: true, unexpectedAlertBehaviour: , unhandledPromptBehavior: , version: 63.0.3239.84, webStorageEnabled: true}
Session ID: ecaf6d2157e525ce78f803c52f8a810a)]]></system-out>
      <system-err><![CDATA[2017-12-09 20:16:12 - [TEST_SUITE][FAILED] - JavaScriptTestSuite: Test Cases/JavaScriptPopup/TC-HandlingConfirmationPopupScriptMode FAILED because (of) Unable to click on object 'Object Repository/W3School/ConfirmationPopup' (Root cause: org.openqa.selenium.WebDriverException: unknown error: Element <a target="_blank" href="tryit.asp?filename=tryjs_confirm" class="w3-btn w3-margin-bottom">...</a> is not clickable at point (107, 19). Other element would receive the click: <a class="w3-bar-item w3-button" href="/html/default.asp" title="... Tutorial">HTML</a>
  (Session info: headless chrome=63.0.3239.84)
  (Driver info: chromedriver=2.33.506120 (e3e53437346286c0bc2d2dc9aa4915ba81d9023f),platform=Windows NT 10.0.15063 x86_64) (WARNING: The server did not provide any stacktrace information)
Command duration or timeout: 0 milliseconds
Build info: version: '3.7.1', revision: '8a0099a', time: '2017-11-06T21:07:36.161Z'
System info: host: 'RAHUL-DELL-PC', ip: '192.168.1.5', os.name: 'Windows 10', os.arch: 'amd64', os.version: '10.0', java.version: '1.8.0_102'
Driver info: com.kms.katalon.selenium.driver.CChromeDriver
Capabilities {acceptSslCerts: true, applicationCacheEnabled: false, browserConnectionEnabled: false, browserName: chrome, chrome: {chromedriverVersion: 2.33.506120 (e3e53437346286..., userDataDir: C:\Users\Rahul\AppData\Loca...}, cssSelectorsEnabled: true, databaseEnabled: false, handlesAlerts: true, hasTouchScreen: false, javascriptEnabled: true, locationContextEnabled: true, mobileEmulationEnabled: false, nativeEvents: true, networkConnectionEnabled: false, pageLoadStrategy: normal, platform: XP, platformName: XP, rotatable: false, setWindowRect: true, takesHeapSnapshot: true, takesScreenshot: true, unexpectedAlertBehaviour: , unhandledPromptBehavior: , version: 63.0.3239.84, webStorageEnabled: true}
Session ID: ecaf6d2157e525ce78f803c52f8a810a)]]></system-err>
   </testsuite>
</testsuites>
