{"devicePlatform":"","logFolder":"C:\\Users\\Rahul\\Desktop\\Katalon 5\\SeleniumAutomation\\Reports\\DropDownSuite\\20171209_115813","runData":{"hostName":"Rahul - Rahul-Dell-PC","os":"Windows 10 64bit","katalonVersion":"5.2.0.1","browser":"Chrome 63.0.3239.84","hostAddress":"192.168.1.5","sessionId":"6c787ac13775652eb4ec9b3dd44b3c44","seleniumVersion":"3.7.1","proxyInformation":"ProxyInformation{proxyOption\u003dNO_PROXY, proxyServerType\u003dHTTP, password\u003d, proxyServerAddress\u003d, proxyServerPort\u003d0}","platform":"Windows 10"},"type":"TEST_SUITE","name":"DropDownSuite","id":"Test Suites/DropDownSuite","source":"","message":"Test Cases/DropDown/DropdownFunctionScriptMode FAILED because (of) Unable to select option by label \u0027Primary Component\u0027 of object \u0027Object Repository/Bugzilla/EnterBugDetailScreen/Component\u0027  (Root cause: org.openqa.selenium.NoSuchElementException: Cannot locate element with text: Primary Component\nFor documentation on this error, please visit: http://seleniumhq.org/exceptions/no_such_element.html\nBuild info: version: \u00273.7.1\u0027, revision: \u00278a0099a\u0027, time: \u00272017-11-06T21:07:36.161Z\u0027\nSystem info: host: \u0027RAHUL-DELL-PC\u0027, ip: \u0027192.168.1.5\u0027, os.name: \u0027Windows 10\u0027, os.arch: \u0027amd64\u0027, os.version: \u002710.0\u0027, java.version: \u00271.8.0_102\u0027\nDriver info: driver.version: unknown)","description":"","startTime":1512800895481,"endTime":1512800949618,"childRecords":[{"isOptional":false,"type":"TEST_CASE","name":"Test Cases/DropDown/DropdownFunctionScriptMode","id":"Test Cases/DropDown/DropdownFunctionScriptMode","source":"C:\\\\Users\\\\Rahul\\\\Desktop\\\\Katalon 5\\\\SeleniumAutomationTest Cases\\\\DropDown\\\\DropdownFunctionScriptMode.tc","message":"Test Cases/DropDown/DropdownFunctionScriptMode FAILED because (of) Unable to select option by label \u0027Primary Component\u0027 of object \u0027Object Repository/Bugzilla/EnterBugDetailScreen/Component\u0027  (Root cause: org.openqa.selenium.NoSuchElementException: Cannot locate element with text: Primary Component\nFor documentation on this error, please visit: http://seleniumhq.org/exceptions/no_such_element.html\nBuild info: version: \u00273.7.1\u0027, revision: \u00278a0099a\u0027, time: \u00272017-11-06T21:07:36.161Z\u0027\nSystem info: host: \u0027RAHUL-DELL-PC\u0027, ip: \u0027192.168.1.5\u0027, os.name: \u0027Windows 10\u0027, os.arch: \u0027amd64\u0027, os.version: \u002710.0\u0027, java.version: \u00271.8.0_102\u0027\nDriver info: driver.version: unknown)","description":"DropdownFunctionScriptMode","startTime":1512800895957,"endTime":1512800909155,"childRecords":[{"testStatus":{"stackTrace":"","statusValue":"INFO"},"type":"MESSAGE","name":"","message":"Evaluating variables for test case","startTime":1512800896177,"endTime":0,"childRecords":[],"interuppted":false},{"index":1,"isIgnoredIfFailed":false,"type":"TEST_STEP","name":"openBrowser","message":"Browser is opened with url: \u0027http://192.168.1.108:5001/\u0027","description":"","startTime":1512800896656,"endTime":1512800902634,"childRecords":[{"testStatus":{"stackTrace":"","statusValue":"PASSED"},"type":"MESSAGE","name":"","message":"Browser is opened with url: \u0027http://192.168.1.108:5001/\u0027","startTime":1512800902633,"endTime":0,"childRecords":[],"interuppted":false}],"interuppted":false},{"index":2,"isIgnoredIfFailed":false,"type":"TEST_STEP","name":"click","message":"Object: \u0027Object Repository/Bugzilla/HomePage/FlieBugLink\u0027 is clicked on","description":"","startTime":1512800902635,"endTime":1512800903747,"childRecords":[{"testStatus":{"stackTrace":"","statusValue":"PASSED"},"type":"MESSAGE","name":"","message":"Object: \u0027Object Repository/Bugzilla/HomePage/FlieBugLink\u0027 is clicked on","startTime":1512800903747,"endTime":0,"childRecords":[],"interuppted":false}],"interuppted":false},{"index":3,"isIgnoredIfFailed":false,"type":"TEST_STEP","name":"sendKeys","message":"Keys \u0027rahul@bugzila.com\u0027 sent to object: \u0027Object Repository/Bugzilla/LoginPage/UsernameTxtBox\u0027","description":"","startTime":1512800903748,"endTime":1512800903981,"childRecords":[{"testStatus":{"stackTrace":"","statusValue":"PASSED"},"type":"MESSAGE","name":"","message":"Keys \u0027rahul@bugzila.com\u0027 sent to object: \u0027Object Repository/Bugzilla/LoginPage/UsernameTxtBox\u0027","startTime":1512800903979,"endTime":0,"childRecords":[],"interuppted":false}],"interuppted":false},{"index":4,"isIgnoredIfFailed":false,"type":"TEST_STEP","name":"sendKeys","message":"Keys \u0027welcome\u0027 sent to object: \u0027Object Repository/Bugzilla/LoginPage/PasswordTxtBox\u0027","description":"","startTime":1512800903981,"endTime":1512800904048,"childRecords":[{"testStatus":{"stackTrace":"","statusValue":"PASSED"},"type":"MESSAGE","name":"","message":"Keys \u0027welcome\u0027 sent to object: \u0027Object Repository/Bugzilla/LoginPage/PasswordTxtBox\u0027","startTime":1512800904048,"endTime":0,"childRecords":[],"interuppted":false}],"interuppted":false},{"index":5,"isIgnoredIfFailed":false,"type":"TEST_STEP","name":"click","message":"Object: \u0027Object Repository/Bugzilla/LoginPage/LoginBtn\u0027 is clicked on","description":"","startTime":1512800904050,"endTime":1512800905741,"childRecords":[{"testStatus":{"stackTrace":"","statusValue":"PASSED"},"type":"MESSAGE","name":"","message":"Object: \u0027Object Repository/Bugzilla/LoginPage/LoginBtn\u0027 is clicked on","startTime":1512800905741,"endTime":0,"childRecords":[],"interuppted":false}],"interuppted":false},{"index":6,"isIgnoredIfFailed":false,"type":"TEST_STEP","name":"click","message":"Object: \u0027Object Repository/Bugzilla/EnterBug/TestProductLink\u0027 is clicked on","description":"","startTime":1512800905742,"endTime":1512800908614,"childRecords":[{"testStatus":{"stackTrace":"","statusValue":"PASSED"},"type":"MESSAGE","name":"","message":"Object: \u0027Object Repository/Bugzilla/EnterBug/TestProductLink\u0027 is clicked on","startTime":1512800908613,"endTime":0,"childRecords":[],"interuppted":false}],"interuppted":false},{"index":7,"isIgnoredIfFailed":false,"type":"TEST_STEP","name":"selectOptionByIndex","message":"All options with index in [3] are selected on object \u0027Object Repository/Bugzilla/EnterBugDetailScreen/Hardware\u0027","description":"","startTime":1512800908614,"endTime":1512800908779,"childRecords":[{"testStatus":{"stackTrace":"","statusValue":"PASSED"},"type":"MESSAGE","name":"","message":"All options with index in [3] are selected on object \u0027Object Repository/Bugzilla/EnterBugDetailScreen/Hardware\u0027","startTime":1512800908778,"endTime":0,"childRecords":[],"interuppted":false}],"interuppted":false},{"attachment":"1512800908893.png","index":8,"isIgnoredIfFailed":false,"type":"TEST_STEP","name":"selectOptionByLabel","message":"Unable to select option by label \u0027Primary Component\u0027 of object \u0027Object Repository/Bugzilla/EnterBugDetailScreen/Component\u0027  (Root cause: org.openqa.selenium.NoSuchElementException: Cannot locate element with text: Primary Component\nFor documentation on this error, please visit: http://seleniumhq.org/exceptions/no_such_element.html\nBuild info: version: \u00273.7.1\u0027, revision: \u00278a0099a\u0027, time: \u00272017-11-06T21:07:36.161Z\u0027\nSystem info: host: \u0027RAHUL-DELL-PC\u0027, ip: \u0027192.168.1.5\u0027, os.name: \u0027Windows 10\u0027, os.arch: \u0027amd64\u0027, os.version: \u002710.0\u0027, java.version: \u00271.8.0_102\u0027\nDriver info: driver.version: unknown)","description":"","startTime":1512800908779,"endTime":1512800909152,"childRecords":[{"testStatus":{"stackTrace":"","statusValue":"FAILED"},"attachment":"1512800908893.png","type":"MESSAGE","name":"","message":"Unable to select option by label \u0027Primary Component\u0027 of object \u0027Object Repository/Bugzilla/EnterBugDetailScreen/Component\u0027  (Root cause: org.openqa.selenium.NoSuchElementException: Cannot locate element with text: Primary Component\nFor documentation on this error, please visit: http://seleniumhq.org/exceptions/no_such_element.html\nBuild info: version: \u00273.7.1\u0027, revision: \u00278a0099a\u0027, time: \u00272017-11-06T21:07:36.161Z\u0027\nSystem info: host: \u0027RAHUL-DELL-PC\u0027, ip: \u0027192.168.1.5\u0027, os.name: \u0027Windows 10\u0027, os.arch: \u0027amd64\u0027, os.version: \u002710.0\u0027, java.version: \u00271.8.0_102\u0027\nDriver info: driver.version: unknown)","startTime":1512800909151,"endTime":0,"childRecords":[],"interuppted":false}],"interuppted":false},{"testStatus":{"stackTrace":"","statusValue":"FAILED"},"type":"MESSAGE","name":"","message":"Test Cases/DropDown/DropdownFunctionScriptMode FAILED because (of) Unable to select option by label \u0027Primary Component\u0027 of object \u0027Object Repository/Bugzilla/EnterBugDetailScreen/Component\u0027  (Root cause: org.openqa.selenium.NoSuchElementException: Cannot locate element with text: Primary Component\nFor documentation on this error, please visit: http://seleniumhq.org/exceptions/no_such_element.html\nBuild info: version: \u00273.7.1\u0027, revision: \u00278a0099a\u0027, time: \u00272017-11-06T21:07:36.161Z\u0027\nSystem info: host: \u0027RAHUL-DELL-PC\u0027, ip: \u0027192.168.1.5\u0027, os.name: \u0027Windows 10\u0027, os.arch: \u0027amd64\u0027, os.version: \u002710.0\u0027, java.version: \u00271.8.0_102\u0027\nDriver info: driver.version: unknown)","startTime":1512800909152,"endTime":0,"childRecords":[],"interuppted":false}],"interuppted":false},{"isOptional":false,"type":"TEST_CASE","name":"Test Cases/DropDown/DropDownManualMode","id":"Test Cases/DropDown/DropDownManualMode","source":"C:\\\\Users\\\\Rahul\\\\Desktop\\\\Katalon 5\\\\SeleniumAutomationTest Cases\\\\DropDown\\\\DropDownManualMode.tc","message":"Test Cases/DropDown/DropDownManualMode FAILED because (of) Unable to click on object \u0027Object Repository/Bugzilla/HomePage/FlieBugLink\u0027 (Root cause: com.kms.katalon.core.webui.exception.WebElementNotFoundException: Web element with id: \u0027Object Repository/Bugzilla/HomePage/FlieBugLink\u0027 located by \u0027By.xpath: //*[@id \u003d \u0027enter_bug\u0027]\u0027 not found)","description":"DropDownManualMode","startTime":1512800909209,"endTime":1512800949031,"childRecords":[{"testStatus":{"stackTrace":"","statusValue":"INFO"},"type":"MESSAGE","name":"","message":"Evaluating variables for test case","startTime":1512800909284,"endTime":0,"childRecords":[],"interuppted":false},{"testStatus":{"stackTrace":"","statusValue":"INFO"},"type":"MESSAGE","name":"","message":"Variable \u0027ApplicationUrl\u0027 is set to http://localhost:5001/ as default","startTime":1512800909354,"endTime":0,"childRecords":[],"interuppted":false},{"testStatus":{"stackTrace":"","statusValue":"INFO"},"type":"MESSAGE","name":"","message":"Variable \u0027Username\u0027 is set to rahul@bugzila.com as default","startTime":1512800909362,"endTime":0,"childRecords":[],"interuppted":false},{"testStatus":{"stackTrace":"","statusValue":"INFO"},"type":"MESSAGE","name":"","message":"Variable \u0027Password\u0027 is set to welcome as default","startTime":1512800909380,"endTime":0,"childRecords":[],"interuppted":false},{"testStatus":{"stackTrace":"","statusValue":"INFO"},"type":"MESSAGE","name":"","message":"Variable \u0027DelayTime\u0027 is set to 3 as default","startTime":1512800909401,"endTime":0,"childRecords":[],"interuppted":false},{"testStatus":{"stackTrace":"","statusValue":"INFO"},"type":"MESSAGE","name":"","message":"Variable \u0027path\u0027 is set to  as default","startTime":1512800909424,"endTime":0,"childRecords":[],"interuppted":false},{"index":1,"isIgnoredIfFailed":false,"type":"TEST_STEP","name":"openBrowser","message":"Browser is opened with url: \u0027http://localhost:5001/\u0027","description":"","startTime":1512800909722,"endTime":1512800914881,"childRecords":[{"testStatus":{"stackTrace":"","statusValue":"WARNING"},"type":"MESSAGE","name":"","message":"A browser is already opened. Closing browser and opening a new one","startTime":1512800909726,"endTime":0,"childRecords":[],"interuppted":false},{"testStatus":{"stackTrace":"","statusValue":"PASSED"},"type":"MESSAGE","name":"","message":"Browser is opened with url: \u0027http://localhost:5001/\u0027","startTime":1512800914881,"endTime":0,"childRecords":[],"interuppted":false}],"interuppted":false},{"index":2,"isIgnoredIfFailed":false,"type":"TEST_STEP","name":"delay","message":"Delayed 3 second(s)","description":"","startTime":1512800914882,"endTime":1512800917920,"childRecords":[{"testStatus":{"stackTrace":"","statusValue":"PASSED"},"type":"MESSAGE","name":"","message":"Delayed 3 second(s)","startTime":1512800917919,"endTime":0,"childRecords":[],"interuppted":false}],"interuppted":false},{"attachment":"1512800948803.png","index":3,"isIgnoredIfFailed":false,"type":"TEST_STEP","name":"click","message":"Unable to click on object \u0027Object Repository/Bugzilla/HomePage/FlieBugLink\u0027 (Root cause: com.kms.katalon.core.webui.exception.WebElementNotFoundException: Web element with id: \u0027Object Repository/Bugzilla/HomePage/FlieBugLink\u0027 located by \u0027By.xpath: //*[@id \u003d \u0027enter_bug\u0027]\u0027 not found)","description":"","startTime":1512800917920,"endTime":1512800949030,"childRecords":[{"testStatus":{"stackTrace":"","statusValue":"FAILED"},"attachment":"1512800948803.png","type":"MESSAGE","name":"","message":"Unable to click on object \u0027Object Repository/Bugzilla/HomePage/FlieBugLink\u0027 (Root cause: com.kms.katalon.core.webui.exception.WebElementNotFoundException: Web element with id: \u0027Object Repository/Bugzilla/HomePage/FlieBugLink\u0027 located by \u0027By.xpath: //*[@id \u003d \u0027enter_bug\u0027]\u0027 not found)","startTime":1512800949030,"endTime":0,"childRecords":[],"interuppted":false}],"interuppted":false},{"testStatus":{"stackTrace":"","statusValue":"FAILED"},"type":"MESSAGE","name":"","message":"Test Cases/DropDown/DropDownManualMode FAILED because (of) Unable to click on object \u0027Object Repository/Bugzilla/HomePage/FlieBugLink\u0027 (Root cause: com.kms.katalon.core.webui.exception.WebElementNotFoundException: Web element with id: \u0027Object Repository/Bugzilla/HomePage/FlieBugLink\u0027 located by \u0027By.xpath: //*[@id \u003d \u0027enter_bug\u0027]\u0027 not found)","startTime":1512800949031,"endTime":0,"childRecords":[],"interuppted":false}],"interuppted":false}],"interuppted":false}