<?xml version="1.0" encoding="UTF-8"?>
<testsuites name="DropDownSuite" time="54" tests="0" failures="2" errors="0">
   <testsuite name="DropDownSuite" tests="0" failures="2" errors="0" time="54" timestamp="2017-12-09 11:58:15" hostname="Rahul - Rahul-Dell-PC" id="Test Suites/DropDownSuite">
      <properties>
         <property name="deviceName" value=""/>
         <property name="devicePlatform" value=""/>
         <property name="logFolder" value="C:\\Users\\Rahul\\Desktop\\Katalon 5\\SeleniumAutomation\\Reports\\DropDownSuite\\20171209_115813"/>
         <property name="logFiles" value="C:\\Users\\Rahul\\Desktop\\Katalon 5\\SeleniumAutomation\\Reports\\DropDownSuite\\20171209_115813\\execution0.log"/>
         <property name="attachments" value="C:\\Users\\Rahul\\Desktop\\Katalon 5\\SeleniumAutomation\\Reports\\DropDownSuite\\20171209_115813\\1512800908893.png, C:\\Users\\Rahul\\Desktop\\Katalon 5\\SeleniumAutomation\\Reports\\DropDownSuite\\20171209_115813\\1512800948803.png"/>
         <property name="hostName" value="Rahul - Rahul-Dell-PC"/>
         <property name="os" value="Windows 10 64bit"/>
         <property name="katalonVersion" value="5.2.0.1"/>
         <property name="browser" value="Chrome 63.0.3239.84"/>
         <property name="hostAddress" value="192.168.1.5"/>
         <property name="sessionId" value="6c787ac13775652eb4ec9b3dd44b3c44"/>
         <property name="seleniumVersion" value="3.7.1"/>
         <property name="proxyInformation" value="ProxyInformation{proxyOption=NO_PROXY, proxyServerType=HTTP, password=, proxyServerAddress=, proxyServerPort=0}"/>
         <property name="platform" value="Windows 10"/>
      </properties>
      <testcase name="Test Cases/DropDown/DropdownFunctionScriptMode" classname="Test Cases/DropDown/DropdownFunctionScriptMode" status="FAILED">
         <failure type="FAILED" message="Unable to select option by label 'Primary Component' of object 'Object Repository/Bugzilla/EnterBugDetailScreen/Component'  (Root cause: org.openqa.selenium.NoSuchElementException: Cannot locate element with text: Primary Component
For documentation on this error, please visit: http://seleniumhq.org/exceptions/no_such_element.html
Build info: version: '3.7.1', revision: '8a0099a', time: '2017-11-06T21:07:36.161Z'
System info: host: 'RAHUL-DELL-PC', ip: '192.168.1.5', os.name: 'Windows 10', os.arch: 'amd64', os.version: '10.0', java.version: '1.8.0_102'
Driver info: driver.version: unknown)"/>
         <system-out><![CDATA[2017-12-09 11:58:15 - [TEST_CASE][FAILED] - Test Cases/DropDown/DropdownFunctionScriptMode: Test Cases/DropDown/DropdownFunctionScriptMode FAILED because (of) Unable to select option by label 'Primary Component' of object 'Object Repository/Bugzilla/EnterBugDetailScreen/Component'  (Root cause: org.openqa.selenium.NoSuchElementException: Cannot locate element with text: Primary Component
For documentation on this error, please visit: http://seleniumhq.org/exceptions/no_such_element.html
Build info: version: '3.7.1', revision: '8a0099a', time: '2017-11-06T21:07:36.161Z'
System info: host: 'RAHUL-DELL-PC', ip: '192.168.1.5', os.name: 'Windows 10', os.arch: 'amd64', os.version: '10.0', java.version: '1.8.0_102'
Driver info: driver.version: unknown)

2017-12-09 11:58:16 - [TEST_STEP][PASSED] - openBrowser: Browser is opened with url: 'http://192.168.1.108:5001/'

2017-12-09 11:58:22 - [MESSAGE][PASSED] - Browser is opened with url: 'http://192.168.1.108:5001/'

2017-12-09 11:58:22 - [TEST_STEP][PASSED] - click: Object: 'Object Repository/Bugzilla/HomePage/FlieBugLink' is clicked on

2017-12-09 11:58:23 - [MESSAGE][PASSED] - Object: 'Object Repository/Bugzilla/HomePage/FlieBugLink' is clicked on

2017-12-09 11:58:23 - [TEST_STEP][PASSED] - sendKeys: Keys 'rahul@bugzila.com' sent to object: 'Object Repository/Bugzilla/LoginPage/UsernameTxtBox'

2017-12-09 11:58:23 - [MESSAGE][PASSED] - Keys 'rahul@bugzila.com' sent to object: 'Object Repository/Bugzilla/LoginPage/UsernameTxtBox'

2017-12-09 11:58:23 - [TEST_STEP][PASSED] - sendKeys: Keys 'welcome' sent to object: 'Object Repository/Bugzilla/LoginPage/PasswordTxtBox'

2017-12-09 11:58:24 - [MESSAGE][PASSED] - Keys 'welcome' sent to object: 'Object Repository/Bugzilla/LoginPage/PasswordTxtBox'

2017-12-09 11:58:24 - [TEST_STEP][PASSED] - click: Object: 'Object Repository/Bugzilla/LoginPage/LoginBtn' is clicked on

2017-12-09 11:58:25 - [MESSAGE][PASSED] - Object: 'Object Repository/Bugzilla/LoginPage/LoginBtn' is clicked on

2017-12-09 11:58:25 - [TEST_STEP][PASSED] - click: Object: 'Object Repository/Bugzilla/EnterBug/TestProductLink' is clicked on

2017-12-09 11:58:28 - [MESSAGE][PASSED] - Object: 'Object Repository/Bugzilla/EnterBug/TestProductLink' is clicked on

2017-12-09 11:58:28 - [TEST_STEP][PASSED] - selectOptionByIndex: All options with index in [3] are selected on object 'Object Repository/Bugzilla/EnterBugDetailScreen/Hardware'

2017-12-09 11:58:28 - [MESSAGE][PASSED] - All options with index in [3] are selected on object 'Object Repository/Bugzilla/EnterBugDetailScreen/Hardware'

2017-12-09 11:58:28 - [TEST_STEP][FAILED] - selectOptionByLabel: Unable to select option by label 'Primary Component' of object 'Object Repository/Bugzilla/EnterBugDetailScreen/Component'  (Root cause: org.openqa.selenium.NoSuchElementException: Cannot locate element with text: Primary Component
For documentation on this error, please visit: http://seleniumhq.org/exceptions/no_such_element.html
Build info: version: '3.7.1', revision: '8a0099a', time: '2017-11-06T21:07:36.161Z'
System info: host: 'RAHUL-DELL-PC', ip: '192.168.1.5', os.name: 'Windows 10', os.arch: 'amd64', os.version: '10.0', java.version: '1.8.0_102'
Driver info: driver.version: unknown)

2017-12-09 11:58:29 - [MESSAGE][FAILED] - Unable to select option by label 'Primary Component' of object 'Object Repository/Bugzilla/EnterBugDetailScreen/Component'  (Root cause: org.openqa.selenium.NoSuchElementException: Cannot locate element with text: Primary Component
For documentation on this error, please visit: http://seleniumhq.org/exceptions/no_such_element.html
Build info: version: '3.7.1', revision: '8a0099a', time: '2017-11-06T21:07:36.161Z'
System info: host: 'RAHUL-DELL-PC', ip: '192.168.1.5', os.name: 'Windows 10', os.arch: 'amd64', os.version: '10.0', java.version: '1.8.0_102'
Driver info: driver.version: unknown)
[[ATTACHMENT|C:\\Users\\Rahul\\Desktop\\Katalon 5\\SeleniumAutomation\\Reports\\DropDownSuite\\20171209_115813\\1512800908893.png]]]]></system-out>
         <system-err><![CDATA[2017-12-09 11:58:15 - [TEST_CASE][FAILED] - Test Cases/DropDown/DropdownFunctionScriptMode: Test Cases/DropDown/DropdownFunctionScriptMode FAILED because (of) Unable to select option by label 'Primary Component' of object 'Object Repository/Bugzilla/EnterBugDetailScreen/Component'  (Root cause: org.openqa.selenium.NoSuchElementException: Cannot locate element with text: Primary Component
For documentation on this error, please visit: http://seleniumhq.org/exceptions/no_such_element.html
Build info: version: '3.7.1', revision: '8a0099a', time: '2017-11-06T21:07:36.161Z'
System info: host: 'RAHUL-DELL-PC', ip: '192.168.1.5', os.name: 'Windows 10', os.arch: 'amd64', os.version: '10.0', java.version: '1.8.0_102'
Driver info: driver.version: unknown)]]></system-err>
      </testcase>
      <testcase name="Test Cases/DropDown/DropDownManualMode" classname="Test Cases/DropDown/DropDownManualMode" status="FAILED">
         <failure type="FAILED" message="Unable to click on object 'Object Repository/Bugzilla/HomePage/FlieBugLink' (Root cause: com.kms.katalon.core.webui.exception.WebElementNotFoundException: Web element with id: 'Object Repository/Bugzilla/HomePage/FlieBugLink' located by 'By.xpath: //*[@id = 'enter_bug']' not found)"/>
         <system-out><![CDATA[2017-12-09 11:58:29 - [TEST_CASE][FAILED] - Test Cases/DropDown/DropDownManualMode: Test Cases/DropDown/DropDownManualMode FAILED because (of) Unable to click on object 'Object Repository/Bugzilla/HomePage/FlieBugLink' (Root cause: com.kms.katalon.core.webui.exception.WebElementNotFoundException: Web element with id: 'Object Repository/Bugzilla/HomePage/FlieBugLink' located by 'By.xpath: //*[@id = 'enter_bug']' not found)

2017-12-09 11:58:29 - [TEST_STEP][PASSED] - openBrowser: Browser is opened with url: 'http://localhost:5001/'

2017-12-09 11:58:29 - [MESSAGE][WARNING] - A browser is already opened. Closing browser and opening a new one

2017-12-09 11:58:34 - [MESSAGE][PASSED] - Browser is opened with url: 'http://localhost:5001/'

2017-12-09 11:58:34 - [TEST_STEP][PASSED] - delay: Delayed 3 second(s)

2017-12-09 11:58:37 - [MESSAGE][PASSED] - Delayed 3 second(s)

2017-12-09 11:58:37 - [TEST_STEP][FAILED] - click: Unable to click on object 'Object Repository/Bugzilla/HomePage/FlieBugLink' (Root cause: com.kms.katalon.core.webui.exception.WebElementNotFoundException: Web element with id: 'Object Repository/Bugzilla/HomePage/FlieBugLink' located by 'By.xpath: //*[@id = 'enter_bug']' not found)

2017-12-09 11:59:09 - [MESSAGE][FAILED] - Unable to click on object 'Object Repository/Bugzilla/HomePage/FlieBugLink' (Root cause: com.kms.katalon.core.webui.exception.WebElementNotFoundException: Web element with id: 'Object Repository/Bugzilla/HomePage/FlieBugLink' located by 'By.xpath: //*[@id = 'enter_bug']' not found)
[[ATTACHMENT|C:\\Users\\Rahul\\Desktop\\Katalon 5\\SeleniumAutomation\\Reports\\DropDownSuite\\20171209_115813\\1512800948803.png]]]]></system-out>
         <system-err><![CDATA[2017-12-09 11:58:29 - [TEST_CASE][FAILED] - Test Cases/DropDown/DropDownManualMode: Test Cases/DropDown/DropDownManualMode FAILED because (of) Unable to click on object 'Object Repository/Bugzilla/HomePage/FlieBugLink' (Root cause: com.kms.katalon.core.webui.exception.WebElementNotFoundException: Web element with id: 'Object Repository/Bugzilla/HomePage/FlieBugLink' located by 'By.xpath: //*[@id = 'enter_bug']' not found)]]></system-err>
      </testcase>
      <system-out><![CDATA[2017-12-09 11:58:15 - [TEST_SUITE][FAILED] - DropDownSuite: Test Cases/DropDown/DropdownFunctionScriptMode FAILED because (of) Unable to select option by label 'Primary Component' of object 'Object Repository/Bugzilla/EnterBugDetailScreen/Component'  (Root cause: org.openqa.selenium.NoSuchElementException: Cannot locate element with text: Primary Component
For documentation on this error, please visit: http://seleniumhq.org/exceptions/no_such_element.html
Build info: version: '3.7.1', revision: '8a0099a', time: '2017-11-06T21:07:36.161Z'
System info: host: 'RAHUL-DELL-PC', ip: '192.168.1.5', os.name: 'Windows 10', os.arch: 'amd64', os.version: '10.0', java.version: '1.8.0_102'
Driver info: driver.version: unknown)]]></system-out>
      <system-err><![CDATA[2017-12-09 11:58:15 - [TEST_SUITE][FAILED] - DropDownSuite: Test Cases/DropDown/DropdownFunctionScriptMode FAILED because (of) Unable to select option by label 'Primary Component' of object 'Object Repository/Bugzilla/EnterBugDetailScreen/Component'  (Root cause: org.openqa.selenium.NoSuchElementException: Cannot locate element with text: Primary Component
For documentation on this error, please visit: http://seleniumhq.org/exceptions/no_such_element.html
Build info: version: '3.7.1', revision: '8a0099a', time: '2017-11-06T21:07:36.161Z'
System info: host: 'RAHUL-DELL-PC', ip: '192.168.1.5', os.name: 'Windows 10', os.arch: 'amd64', os.version: '10.0', java.version: '1.8.0_102'
Driver info: driver.version: unknown)]]></system-err>
   </testsuite>
</testsuites>
